[Note]: Dependency sources are no longer verified automatically during publication and upgrade. You can pass the `--verify-deps` option if you would like to verify them as part of publication or upgrade.
INCLUDING DEPENDENCY Bridge
INCLUDING DEPENDENCY SuiSystem
INCLUDING DEPENDENCY Sui
INCLUDING DEPENDENCY MoveStdlib
BUILDING sui_hero
warning[W09001]: unused alias
  ΓöîΓöÇ \\?\D:\sui-move-workshop\d1\sui_hero\sources\sui_hero.move:4:14
  Γöé
4 Γöé     use sui::package;
  Γöé              ^^^^^^^ Unused 'use' of alias 'package'. Consider removing it
  Γöé
  = This warning can be suppressed with '#[allow(unused_use)]' applied to the 'module' or module member ('const', 'fun', or 'struct')

warning[W09001]: unused alias
  ΓöîΓöÇ \\?\D:\sui-move-workshop\d1\sui_hero\sources\sui_hero.move:5:14
  Γöé
5 Γöé     use sui::display;
  Γöé              ^^^^^^^ Unused 'use' of alias 'display'. Consider removing it
  Γöé
  = This warning can be suppressed with '#[allow(unused_use)]' applied to the 'module' or module member ('const', 'fun', or 'struct')

warning[W09001]: unused alias
  ΓöîΓöÇ \\?\D:\sui-move-workshop\d1\sui_hero\sources\sui_hero.move:6:14
  Γöé
6 Γöé     use sui::tx_context;
  Γöé              ^^^^^^^^^^ Unused 'use' of alias 'tx_context'. Consider removing it
  Γöé
  = This warning can be suppressed with '#[allow(unused_use)]' applied to the 'module' or module member ('const', 'fun', or 'struct')

warning[W09001]: unused alias
  ΓöîΓöÇ \\?\D:\sui-move-workshop\d1\sui_hero\sources\sui_hero.move:7:14
  Γöé
7 Γöé     use sui::object;
  Γöé              ^^^^^^ Unused 'use' of alias 'object'. Consider removing it
  Γöé
  = This warning can be suppressed with '#[allow(unused_use)]' applied to the 'module' or module member ('const', 'fun', or 'struct')

Total number of linter warnings suppressed: 1 (unique lints: 1)
Skipping dependency verification
Transaction Digest: CsVbEFXBQRgN4f4xN2UGZ6NTHjkkAaGEXaj1YqVyrr8t
Γò¡ΓöÇΓöÇΓöÇΓöÇΓöÇΓöÇΓöÇΓöÇΓöÇΓöÇΓöÇΓöÇΓöÇΓöÇΓöÇΓöÇΓöÇΓöÇΓöÇΓöÇΓöÇΓöÇΓöÇΓöÇΓöÇΓöÇΓöÇΓöÇΓöÇΓöÇΓöÇΓöÇΓöÇΓöÇΓöÇΓöÇΓöÇΓöÇΓöÇΓöÇΓöÇΓöÇΓöÇΓöÇΓöÇΓöÇΓöÇΓöÇΓöÇΓöÇΓöÇΓöÇΓöÇΓöÇΓöÇΓöÇΓöÇΓöÇΓöÇΓöÇΓöÇΓöÇΓöÇΓöÇΓöÇΓöÇΓöÇΓöÇΓöÇΓöÇΓöÇΓöÇΓöÇΓöÇΓöÇΓöÇΓöÇΓöÇΓöÇΓöÇΓöÇΓöÇΓöÇΓöÇΓöÇΓöÇΓöÇΓöÇΓöÇΓöÇΓöÇΓöÇΓöÇΓöÇΓöÇΓöÇΓöÇΓöÇΓöÇΓöÇΓöÇΓöÇΓöÇΓöÇΓöÇΓöÇΓöÇΓöÇΓöÇΓöÇΓò«
Γöé Transaction Data                                                                                             Γöé
Γö£ΓöÇΓöÇΓöÇΓöÇΓöÇΓöÇΓöÇΓöÇΓöÇΓöÇΓöÇΓöÇΓöÇΓöÇΓöÇΓöÇΓöÇΓöÇΓöÇΓöÇΓöÇΓöÇΓöÇΓöÇΓöÇΓöÇΓöÇΓöÇΓöÇΓöÇΓöÇΓöÇΓöÇΓöÇΓöÇΓöÇΓöÇΓöÇΓöÇΓöÇΓöÇΓöÇΓöÇΓöÇΓöÇΓöÇΓöÇΓöÇΓöÇΓöÇΓöÇΓöÇΓöÇΓöÇΓöÇΓöÇΓöÇΓöÇΓöÇΓöÇΓöÇΓöÇΓöÇΓöÇΓöÇΓöÇΓöÇΓöÇΓöÇΓöÇΓöÇΓöÇΓöÇΓöÇΓöÇΓöÇΓöÇΓöÇΓöÇΓöÇΓöÇΓöÇΓöÇΓöÇΓöÇΓöÇΓöÇΓöÇΓöÇΓöÇΓöÇΓöÇΓöÇΓöÇΓöÇΓöÇΓöÇΓöÇΓöÇΓöÇΓöÇΓöÇΓöÇΓöÇΓöÇΓöÇΓöÇΓöÇΓöÇΓöÇΓöñ
Γöé Sender: 0xa18380b53746d7b334fcc58f43c27f35a8318ed0af15a4fb572734b342f9c412                                   Γöé
Γöé Gas Owner: 0xa18380b53746d7b334fcc58f43c27f35a8318ed0af15a4fb572734b342f9c412                                Γöé
Γöé Gas Budget: 50000000 MIST                                                                                    Γöé
Γöé Gas Price: 1000 MIST                                                                                         Γöé
Γöé Gas Payment:                                                                                                 Γöé
Γöé  ΓöîΓöÇΓöÇ                                                                                                         Γöé
Γöé  Γöé ID: 0x60be63f556c1c46a6d1969a8d89622b3d115c6684e9ac9b312bf33aa795b60c4                                    Γöé
Γöé  Γöé Version: 672597320                                                                                        Γöé
Γöé  Γöé Digest: Bp3uvAP3FvprpY8ebsnS546H3V2arEBg5kiU3nLjQndV                                                      Γöé
Γöé  ΓööΓöÇΓöÇ                                                                                                         Γöé
Γöé                                                                                                              Γöé
Γöé Transaction Kind: Programmable                                                                               Γöé
Γöé Γò¡ΓöÇΓöÇΓöÇΓöÇΓöÇΓöÇΓöÇΓöÇΓöÇΓöÇΓöÇΓöÇΓöÇΓöÇΓöÇΓöÇΓöÇΓöÇΓöÇΓöÇΓöÇΓöÇΓöÇΓöÇΓöÇΓöÇΓöÇΓöÇΓöÇΓöÇΓöÇΓöÇΓöÇΓöÇΓöÇΓöÇΓöÇΓöÇΓöÇΓöÇΓöÇΓöÇΓöÇΓöÇΓöÇΓöÇΓöÇΓöÇΓöÇΓöÇΓöÇΓöÇΓöÇΓöÇΓöÇΓöÇΓöÇΓöÇΓöÇΓöÇΓöÇΓöÇΓöÇΓöÇΓöÇΓöÇΓöÇΓöÇΓöÇΓöÇΓöÇΓöÇΓöÇΓöÇΓöÇΓöÇΓöÇΓöÇΓöÇΓöÇΓöÇΓöÇΓöÇΓöÇΓöÇΓöÇΓöÇΓöÇΓöÇΓöÇΓöÇΓöÇΓöÇΓöÇΓöÇΓöÇΓöÇΓöÇΓöÇΓöÇΓöÇΓöÇΓöÇΓöÇΓöÇΓöÇΓò« Γöé
Γöé Γöé Input Objects                                                                                            Γöé Γöé
Γöé Γö£ΓöÇΓöÇΓöÇΓöÇΓöÇΓöÇΓöÇΓöÇΓöÇΓöÇΓöÇΓöÇΓöÇΓöÇΓöÇΓöÇΓöÇΓöÇΓöÇΓöÇΓöÇΓöÇΓöÇΓöÇΓöÇΓöÇΓöÇΓöÇΓöÇΓöÇΓöÇΓöÇΓöÇΓöÇΓöÇΓöÇΓöÇΓöÇΓöÇΓöÇΓöÇΓöÇΓöÇΓöÇΓöÇΓöÇΓöÇΓöÇΓöÇΓöÇΓöÇΓöÇΓöÇΓöÇΓöÇΓöÇΓöÇΓöÇΓöÇΓöÇΓöÇΓöÇΓöÇΓöÇΓöÇΓöÇΓöÇΓöÇΓöÇΓöÇΓöÇΓöÇΓöÇΓöÇΓöÇΓöÇΓöÇΓöÇΓöÇΓöÇΓöÇΓöÇΓöÇΓöÇΓöÇΓöÇΓöÇΓöÇΓöÇΓöÇΓöÇΓöÇΓöÇΓöÇΓöÇΓöÇΓöÇΓöÇΓöÇΓöÇΓöÇΓöÇΓöÇΓöÇΓöÇΓöÇΓöñ Γöé
Γöé Γöé 0   Pure Arg: Type: address, Value: "0xa18380b53746d7b334fcc58f43c27f35a8318ed0af15a4fb572734b342f9c412" Γöé Γöé
Γöé Γò░ΓöÇΓöÇΓöÇΓöÇΓöÇΓöÇΓöÇΓöÇΓöÇΓöÇΓöÇΓöÇΓöÇΓöÇΓöÇΓöÇΓöÇΓöÇΓöÇΓöÇΓöÇΓöÇΓöÇΓöÇΓöÇΓöÇΓöÇΓöÇΓöÇΓöÇΓöÇΓöÇΓöÇΓöÇΓöÇΓöÇΓöÇΓöÇΓöÇΓöÇΓöÇΓöÇΓöÇΓöÇΓöÇΓöÇΓöÇΓöÇΓöÇΓöÇΓöÇΓöÇΓöÇΓöÇΓöÇΓöÇΓöÇΓöÇΓöÇΓöÇΓöÇΓöÇΓöÇΓöÇΓöÇΓöÇΓöÇΓöÇΓöÇΓöÇΓöÇΓöÇΓöÇΓöÇΓöÇΓöÇΓöÇΓöÇΓöÇΓöÇΓöÇΓöÇΓöÇΓöÇΓöÇΓöÇΓöÇΓöÇΓöÇΓöÇΓöÇΓöÇΓöÇΓöÇΓöÇΓöÇΓöÇΓöÇΓöÇΓöÇΓöÇΓöÇΓöÇΓöÇΓöÇΓöÇΓò» Γöé
Γöé Γò¡ΓöÇΓöÇΓöÇΓöÇΓöÇΓöÇΓöÇΓöÇΓöÇΓöÇΓöÇΓöÇΓöÇΓöÇΓöÇΓöÇΓöÇΓöÇΓöÇΓöÇΓöÇΓöÇΓöÇΓöÇΓöÇΓöÇΓöÇΓöÇΓöÇΓöÇΓöÇΓöÇΓöÇΓöÇΓöÇΓöÇΓöÇΓöÇΓöÇΓöÇΓöÇΓöÇΓöÇΓöÇΓöÇΓöÇΓöÇΓöÇΓöÇΓöÇΓöÇΓöÇΓöÇΓöÇΓöÇΓöÇΓöÇΓöÇΓöÇΓöÇΓöÇΓöÇΓöÇΓöÇΓöÇΓöÇΓöÇΓöÇΓöÇΓöÇΓöÇΓöÇΓöÇΓò«                                  Γöé
Γöé Γöé Commands                                                                Γöé                                  Γöé
Γöé Γö£ΓöÇΓöÇΓöÇΓöÇΓöÇΓöÇΓöÇΓöÇΓöÇΓöÇΓöÇΓöÇΓöÇΓöÇΓöÇΓöÇΓöÇΓöÇΓöÇΓöÇΓöÇΓöÇΓöÇΓöÇΓöÇΓöÇΓöÇΓöÇΓöÇΓöÇΓöÇΓöÇΓöÇΓöÇΓöÇΓöÇΓöÇΓöÇΓöÇΓöÇΓöÇΓöÇΓöÇΓöÇΓöÇΓöÇΓöÇΓöÇΓöÇΓöÇΓöÇΓöÇΓöÇΓöÇΓöÇΓöÇΓöÇΓöÇΓöÇΓöÇΓöÇΓöÇΓöÇΓöÇΓöÇΓöÇΓöÇΓöÇΓöÇΓöÇΓöÇΓöÇΓöÇΓöñ                                  Γöé
Γöé Γöé 0  Publish:                                                             Γöé                                  Γöé
Γöé Γöé  Γöî                                                                      Γöé                                  Γöé
Γöé Γöé  Γöé Dependencies:                                                        Γöé                                  Γöé
Γöé Γöé  Γöé   0x0000000000000000000000000000000000000000000000000000000000000001 Γöé                                  Γöé
Γöé Γöé  Γöé   0x0000000000000000000000000000000000000000000000000000000000000002 Γöé                                  Γöé
Γöé Γöé  Γöö                                                                      Γöé                                  Γöé
Γöé Γöé                                                                         Γöé                                  Γöé
Γöé Γöé 1  TransferObjects:                                                     Γöé                                  Γöé
Γöé Γöé  Γöî                                                                      Γöé                                  Γöé
Γöé Γöé  Γöé Arguments:                                                           Γöé                                  Γöé
Γöé Γöé  Γöé   Result 0                                                           Γöé                                  Γöé
Γöé Γöé  Γöé Address: Input  0                                                    Γöé                                  Γöé
Γöé Γöé  Γöö                                                                      Γöé                                  Γöé
Γöé Γò░ΓöÇΓöÇΓöÇΓöÇΓöÇΓöÇΓöÇΓöÇΓöÇΓöÇΓöÇΓöÇΓöÇΓöÇΓöÇΓöÇΓöÇΓöÇΓöÇΓöÇΓöÇΓöÇΓöÇΓöÇΓöÇΓöÇΓöÇΓöÇΓöÇΓöÇΓöÇΓöÇΓöÇΓöÇΓöÇΓöÇΓöÇΓöÇΓöÇΓöÇΓöÇΓöÇΓöÇΓöÇΓöÇΓöÇΓöÇΓöÇΓöÇΓöÇΓöÇΓöÇΓöÇΓöÇΓöÇΓöÇΓöÇΓöÇΓöÇΓöÇΓöÇΓöÇΓöÇΓöÇΓöÇΓöÇΓöÇΓöÇΓöÇΓöÇΓöÇΓöÇΓöÇΓò»                                  Γöé
Γöé                                                                                                              Γöé
Γöé Signatures:                                                                                                  Γöé
Γöé    ba9D+ZRsHHorj5xG5Rl3m4i4DMP/72H2mxkpyUEVnw5h3pO9i332faJG0ZHYYtBrzuCAimgmXdS9wE6AsRH8AQ==                  Γöé
Γöé                                                                                                              Γöé
Γò░ΓöÇΓöÇΓöÇΓöÇΓöÇΓöÇΓöÇΓöÇΓöÇΓöÇΓöÇΓöÇΓöÇΓöÇΓöÇΓöÇΓöÇΓöÇΓöÇΓöÇΓöÇΓöÇΓöÇΓöÇΓöÇΓöÇΓöÇΓöÇΓöÇΓöÇΓöÇΓöÇΓöÇΓöÇΓöÇΓöÇΓöÇΓöÇΓöÇΓöÇΓöÇΓöÇΓöÇΓöÇΓöÇΓöÇΓöÇΓöÇΓöÇΓöÇΓöÇΓöÇΓöÇΓöÇΓöÇΓöÇΓöÇΓöÇΓöÇΓöÇΓöÇΓöÇΓöÇΓöÇΓöÇΓöÇΓöÇΓöÇΓöÇΓöÇΓöÇΓöÇΓöÇΓöÇΓöÇΓöÇΓöÇΓöÇΓöÇΓöÇΓöÇΓöÇΓöÇΓöÇΓöÇΓöÇΓöÇΓöÇΓöÇΓöÇΓöÇΓöÇΓöÇΓöÇΓöÇΓöÇΓöÇΓöÇΓöÇΓöÇΓöÇΓöÇΓöÇΓöÇΓöÇΓöÇΓöÇΓöÇΓöÇΓöÇΓò»
Γò¡ΓöÇΓöÇΓöÇΓöÇΓöÇΓöÇΓöÇΓöÇΓöÇΓöÇΓöÇΓöÇΓöÇΓöÇΓöÇΓöÇΓöÇΓöÇΓöÇΓöÇΓöÇΓöÇΓöÇΓöÇΓöÇΓöÇΓöÇΓöÇΓöÇΓöÇΓöÇΓöÇΓöÇΓöÇΓöÇΓöÇΓöÇΓöÇΓöÇΓöÇΓöÇΓöÇΓöÇΓöÇΓöÇΓöÇΓöÇΓöÇΓöÇΓöÇΓöÇΓöÇΓöÇΓöÇΓöÇΓöÇΓöÇΓöÇΓöÇΓöÇΓöÇΓöÇΓöÇΓöÇΓöÇΓöÇΓöÇΓöÇΓöÇΓöÇΓöÇΓöÇΓöÇΓöÇΓöÇΓöÇΓöÇΓöÇΓöÇΓöÇΓöÇΓöÇΓöÇΓöÇΓöÇΓöÇΓöÇΓöÇΓöÇΓöÇΓöÇΓöÇΓöÇΓöÇΓöÇΓöÇΓöÇΓöÇΓöÇΓò«
Γöé Transaction Effects                                                                               Γöé
Γö£ΓöÇΓöÇΓöÇΓöÇΓöÇΓöÇΓöÇΓöÇΓöÇΓöÇΓöÇΓöÇΓöÇΓöÇΓöÇΓöÇΓöÇΓöÇΓöÇΓöÇΓöÇΓöÇΓöÇΓöÇΓöÇΓöÇΓöÇΓöÇΓöÇΓöÇΓöÇΓöÇΓöÇΓöÇΓöÇΓöÇΓöÇΓöÇΓöÇΓöÇΓöÇΓöÇΓöÇΓöÇΓöÇΓöÇΓöÇΓöÇΓöÇΓöÇΓöÇΓöÇΓöÇΓöÇΓöÇΓöÇΓöÇΓöÇΓöÇΓöÇΓöÇΓöÇΓöÇΓöÇΓöÇΓöÇΓöÇΓöÇΓöÇΓöÇΓöÇΓöÇΓöÇΓöÇΓöÇΓöÇΓöÇΓöÇΓöÇΓöÇΓöÇΓöÇΓöÇΓöÇΓöÇΓöÇΓöÇΓöÇΓöÇΓöÇΓöÇΓöÇΓöÇΓöÇΓöÇΓöÇΓöÇΓöÇΓöÇΓöñ
Γöé Digest: CsVbEFXBQRgN4f4xN2UGZ6NTHjkkAaGEXaj1YqVyrr8t                                              Γöé
Γöé Status: Success                                                                                   Γöé
Γöé Executed Epoch: 964                                                                               Γöé
Γöé                                                                                                   Γöé
Γöé Created Objects:                                                                                  Γöé
Γöé  ΓöîΓöÇΓöÇ                                                                                              Γöé
Γöé  Γöé ID: 0x343a8a33cb499a1c178fc859b7bb66c218b47e9dc39ea06d9763b5c254fc73fa                         Γöé
Γöé  Γöé Owner: Account Address ( 0xa18380b53746d7b334fcc58f43c27f35a8318ed0af15a4fb572734b342f9c412 )  Γöé
Γöé  Γöé Version: 672597321                                                                             Γöé
Γöé  Γöé Digest: 3htHpYM72JVt4YeSCdkxGDL3kvYgCzMSdtgmdyrV3CYQ                                           Γöé
Γöé  ΓööΓöÇΓöÇ                                                                                              Γöé
Γöé  ΓöîΓöÇΓöÇ                                                                                              Γöé
Γöé  Γöé ID: 0x8661bc6560de2c5ce3239149ca8ccaac1008ea2bb35d416528442b8b7b919e35                         Γöé
Γöé  Γöé Owner: Account Address ( 0xa18380b53746d7b334fcc58f43c27f35a8318ed0af15a4fb572734b342f9c412 )  Γöé
Γöé  Γöé Version: 672597321                                                                             Γöé
Γöé  Γöé Digest: GjkMGccnNGQaGTJvyr2T1QfSfCKcfN6jMyjeYvyXr8mE                                           Γöé
Γöé  ΓööΓöÇΓöÇ                                                                                              Γöé
Γöé  ΓöîΓöÇΓöÇ                                                                                              Γöé
Γöé  Γöé ID: 0x98e1b1d020216a0d9a33631ec8ee20c116fd652f16a100519b947fa5cda7f0f5                         Γöé
Γöé  Γöé Owner: Account Address ( 0xa18380b53746d7b334fcc58f43c27f35a8318ed0af15a4fb572734b342f9c412 )  Γöé
Γöé  Γöé Version: 672597321                                                                             Γöé
Γöé  Γöé Digest: Efng6nCBQgPfWFw4ZS3fwobcJHiNcSKpDTxFgxBkBKPc                                           Γöé
Γöé  ΓööΓöÇΓöÇ                                                                                              Γöé
Γöé  ΓöîΓöÇΓöÇ                                                                                              Γöé
Γöé  Γöé ID: 0x9cb978970619b9c56f21ae6a7928ec45f3543d7a7fd80d74bc7df4bba53a1cf4                         Γöé
Γöé  Γöé Owner: Immutable                                                                               Γöé
Γöé  Γöé Version: 1                                                                                     Γöé
Γöé  Γöé Digest: GEM5nNqGepMtQJF34qDkLnZjtvPpQs9gsEUzeXFX9d6m                                           Γöé
Γöé  ΓööΓöÇΓöÇ                                                                                              Γöé
Γöé Mutated Objects:                                                                                  Γöé
Γöé  ΓöîΓöÇΓöÇ                                                                                              Γöé
Γöé  Γöé ID: 0x60be63f556c1c46a6d1969a8d89622b3d115c6684e9ac9b312bf33aa795b60c4                         Γöé
Γöé  Γöé Owner: Account Address ( 0xa18380b53746d7b334fcc58f43c27f35a8318ed0af15a4fb572734b342f9c412 )  Γöé
Γöé  Γöé Version: 672597321                                                                             Γöé
Γöé  Γöé Digest: 7p9KpuQLQau2bQoC6QnUtWMevdb4x7ZGhXmNXMygjrzS                                           Γöé
Γöé  ΓööΓöÇΓöÇ                                                                                              Γöé
Γöé Gas Object:                                                                                       Γöé
Γöé  ΓöîΓöÇΓöÇ                                                                                              Γöé
Γöé  Γöé ID: 0x60be63f556c1c46a6d1969a8d89622b3d115c6684e9ac9b312bf33aa795b60c4                         Γöé
Γöé  Γöé Owner: Account Address ( 0xa18380b53746d7b334fcc58f43c27f35a8318ed0af15a4fb572734b342f9c412 )  Γöé
Γöé  Γöé Version: 672597321                                                                             Γöé
Γöé  Γöé Digest: 7p9KpuQLQau2bQoC6QnUtWMevdb4x7ZGhXmNXMygjrzS                                           Γöé
Γöé  ΓööΓöÇΓöÇ                                                                                              Γöé
Γöé Gas Cost Summary:                                                                                 Γöé
Γöé    Storage Cost: 21660000 MIST                                                                    Γöé
Γöé    Computation Cost: 1000000 MIST                                                                 Γöé
Γöé    Storage Rebate: 978120 MIST                                                                    Γöé
Γöé    Non-refundable Storage Fee: 9880 MIST                                                          Γöé
Γöé                                                                                                   Γöé
Γöé Transaction Dependencies:                                                                         Γöé
Γöé    2BNuLYzJ44M4TUWDYrZd3Ve2mcAuz1hWg6toU4jsJoeX                                                   Γöé
Γöé    FbTCFD6M2ZEx8cZ38Rpw3UwsWRAgEXQUah8CZojerNXA                                                   Γöé
Γò░ΓöÇΓöÇΓöÇΓöÇΓöÇΓöÇΓöÇΓöÇΓöÇΓöÇΓöÇΓöÇΓöÇΓöÇΓöÇΓöÇΓöÇΓöÇΓöÇΓöÇΓöÇΓöÇΓöÇΓöÇΓöÇΓöÇΓöÇΓöÇΓöÇΓöÇΓöÇΓöÇΓöÇΓöÇΓöÇΓöÇΓöÇΓöÇΓöÇΓöÇΓöÇΓöÇΓöÇΓöÇΓöÇΓöÇΓöÇΓöÇΓöÇΓöÇΓöÇΓöÇΓöÇΓöÇΓöÇΓöÇΓöÇΓöÇΓöÇΓöÇΓöÇΓöÇΓöÇΓöÇΓöÇΓöÇΓöÇΓöÇΓöÇΓöÇΓöÇΓöÇΓöÇΓöÇΓöÇΓöÇΓöÇΓöÇΓöÇΓöÇΓöÇΓöÇΓöÇΓöÇΓöÇΓöÇΓöÇΓöÇΓöÇΓöÇΓöÇΓöÇΓöÇΓöÇΓöÇΓöÇΓöÇΓöÇΓöÇΓò»
Γò¡ΓöÇΓöÇΓöÇΓöÇΓöÇΓöÇΓöÇΓöÇΓöÇΓöÇΓöÇΓöÇΓöÇΓöÇΓöÇΓöÇΓöÇΓöÇΓöÇΓöÇΓöÇΓöÇΓöÇΓöÇΓöÇΓöÇΓöÇΓöÇΓöÇΓöÇΓöÇΓöÇΓöÇΓöÇΓöÇΓöÇΓöÇΓöÇΓöÇΓöÇΓöÇΓöÇΓöÇΓöÇΓöÇΓöÇΓöÇΓöÇΓöÇΓöÇΓöÇΓöÇΓöÇΓöÇΓöÇΓöÇΓöÇΓöÇΓöÇΓöÇΓöÇΓöÇΓöÇΓöÇΓöÇΓöÇΓöÇΓöÇΓöÇΓöÇΓöÇΓöÇΓöÇΓöÇΓöÇΓöÇΓöÇΓöÇΓöÇΓöÇΓöÇΓöÇΓöÇΓöÇΓöÇΓöÇΓöÇΓöÇΓöÇΓöÇΓöÇΓöÇΓöÇΓöÇΓöÇΓöÇΓöÇΓöÇΓöÇΓöÇΓöÇΓöÇΓöÇΓöÇΓöÇΓöÇΓöÇΓöÇΓöÇΓöÇΓöÇΓöÇΓöÇΓöÇΓöÇΓöÇΓöÇΓöÇΓöÇΓöÇΓöÇΓöÇΓöÇΓöÇΓò«
Γöé Transaction Block Events                                                                                                   Γöé
Γö£ΓöÇΓöÇΓöÇΓöÇΓöÇΓöÇΓöÇΓöÇΓöÇΓöÇΓöÇΓöÇΓöÇΓöÇΓöÇΓöÇΓöÇΓöÇΓöÇΓöÇΓöÇΓöÇΓöÇΓöÇΓöÇΓöÇΓöÇΓöÇΓöÇΓöÇΓöÇΓöÇΓöÇΓöÇΓöÇΓöÇΓöÇΓöÇΓöÇΓöÇΓöÇΓöÇΓöÇΓöÇΓöÇΓöÇΓöÇΓöÇΓöÇΓöÇΓöÇΓöÇΓöÇΓöÇΓöÇΓöÇΓöÇΓöÇΓöÇΓöÇΓöÇΓöÇΓöÇΓöÇΓöÇΓöÇΓöÇΓöÇΓöÇΓöÇΓöÇΓöÇΓöÇΓöÇΓöÇΓöÇΓöÇΓöÇΓöÇΓöÇΓöÇΓöÇΓöÇΓöÇΓöÇΓöÇΓöÇΓöÇΓöÇΓöÇΓöÇΓöÇΓöÇΓöÇΓöÇΓöÇΓöÇΓöÇΓöÇΓöÇΓöÇΓöÇΓöÇΓöÇΓöÇΓöÇΓöÇΓöÇΓöÇΓöÇΓöÇΓöÇΓöÇΓöÇΓöÇΓöÇΓöÇΓöÇΓöÇΓöÇΓöÇΓöÇΓöÇΓöÇΓöñ
Γöé  ΓöîΓöÇΓöÇ                                                                                                                       Γöé
Γöé  Γöé EventID: CsVbEFXBQRgN4f4xN2UGZ6NTHjkkAaGEXaj1YqVyrr8t:0                                                                 Γöé
Γöé  Γöé PackageID: 0x9cb978970619b9c56f21ae6a7928ec45f3543d7a7fd80d74bc7df4bba53a1cf4                                           Γöé
Γöé  Γöé Transaction Module: hero                                                                                                Γöé
Γöé  Γöé Sender: 0xa18380b53746d7b334fcc58f43c27f35a8318ed0af15a4fb572734b342f9c412                                              Γöé
Γöé  Γöé EventType: 0x2::display::DisplayCreated<0x9cb978970619b9c56f21ae6a7928ec45f3543d7a7fd80d74bc7df4bba53a1cf4::hero::Hero> Γöé
Γöé  Γöé ParsedJSON:                                                                                                             Γöé
Γöé  Γöé   ΓöîΓöÇΓöÇΓöÇΓöÇΓö¼ΓöÇΓöÇΓöÇΓöÇΓöÇΓöÇΓöÇΓöÇΓöÇΓöÇΓöÇΓöÇΓöÇΓöÇΓöÇΓöÇΓöÇΓöÇΓöÇΓöÇΓöÇΓöÇΓöÇΓöÇΓöÇΓöÇΓöÇΓöÇΓöÇΓöÇΓöÇΓöÇΓöÇΓöÇΓöÇΓöÇΓöÇΓöÇΓöÇΓöÇΓöÇΓöÇΓöÇΓöÇΓöÇΓöÇΓöÇΓöÇΓöÇΓöÇΓöÇΓöÇΓöÇΓöÇΓöÇΓöÇΓöÇΓöÇΓöÇΓöÇΓöÇΓöÇΓöÇΓöÇΓöÇΓöÇΓöÇΓöÇΓöÉ                                           Γöé
Γöé  Γöé   Γöé id Γöé 0x98e1b1d020216a0d9a33631ec8ee20c116fd652f16a100519b947fa5cda7f0f5 Γöé                                           Γöé
Γöé  Γöé   ΓööΓöÇΓöÇΓöÇΓöÇΓö┤ΓöÇΓöÇΓöÇΓöÇΓöÇΓöÇΓöÇΓöÇΓöÇΓöÇΓöÇΓöÇΓöÇΓöÇΓöÇΓöÇΓöÇΓöÇΓöÇΓöÇΓöÇΓöÇΓöÇΓöÇΓöÇΓöÇΓöÇΓöÇΓöÇΓöÇΓöÇΓöÇΓöÇΓöÇΓöÇΓöÇΓöÇΓöÇΓöÇΓöÇΓöÇΓöÇΓöÇΓöÇΓöÇΓöÇΓöÇΓöÇΓöÇΓöÇΓöÇΓöÇΓöÇΓöÇΓöÇΓöÇΓöÇΓöÇΓöÇΓöÇΓöÇΓöÇΓöÇΓöÇΓöÇΓöÇΓöÇΓöÇΓöÿ                                           Γöé
Γöé  ΓööΓöÇΓöÇ                                                                                                                       Γöé
Γöé  ΓöîΓöÇΓöÇ                                                                                                                       Γöé
Γöé  Γöé EventID: CsVbEFXBQRgN4f4xN2UGZ6NTHjkkAaGEXaj1YqVyrr8t:1                                                                 Γöé
Γöé  Γöé PackageID: 0x9cb978970619b9c56f21ae6a7928ec45f3543d7a7fd80d74bc7df4bba53a1cf4                                           Γöé
Γöé  Γöé Transaction Module: hero                                                                                                Γöé
Γöé  Γöé Sender: 0xa18380b53746d7b334fcc58f43c27f35a8318ed0af15a4fb572734b342f9c412                                              Γöé
Γöé  Γöé EventType: 0x2::display::VersionUpdated<0x9cb978970619b9c56f21ae6a7928ec45f3543d7a7fd80d74bc7df4bba53a1cf4::hero::Hero> Γöé
Γöé  Γöé ParsedJSON:                                                                                                             Γöé
Γöé  Γöé   ΓöîΓöÇΓöÇΓöÇΓöÇΓöÇΓöÇΓöÇΓöÇΓöÇΓö¼ΓöÇΓöÇΓöÇΓöÇΓöÇΓöÇΓöÇΓöÇΓöÇΓöÇΓö¼ΓöÇΓöÇΓöÇΓöÇΓöÇΓöÇΓöÇΓö¼ΓöÇΓöÇΓöÇΓöÇΓöÇΓöÇΓöÇΓöÇΓöÇΓöÇΓöÇΓöÇΓöÇΓöÇΓöÇΓöÇΓöÇΓöÇΓöÇΓöÇΓöÇΓöÇΓöÇΓöÇΓöÇΓöÇΓöÇΓöÇΓöÇΓöÇΓöÇΓöÇΓöÇΓöÇΓöÇΓöÇΓöÇΓöÇΓöÇΓöÇΓöÇΓöÇΓöÇΓöÇΓöÇΓöÇΓöÇΓöÇΓöÇΓöÉ                                      Γöé
Γöé  Γöé   Γöé fields  Γöé contents Γöé key   Γöé name                                            Γöé                                      Γöé
Γöé  Γöé   Γöé         Γöé          Γö£ΓöÇΓöÇΓöÇΓöÇΓöÇΓöÇΓöÇΓö╝ΓöÇΓöÇΓöÇΓöÇΓöÇΓöÇΓöÇΓöÇΓöÇΓöÇΓöÇΓöÇΓöÇΓöÇΓöÇΓöÇΓöÇΓöÇΓöÇΓöÇΓöÇΓöÇΓöÇΓöÇΓöÇΓöÇΓöÇΓöÇΓöÇΓöÇΓöÇΓöÇΓöÇΓöÇΓöÇΓöÇΓöÇΓöÇΓöÇΓöÇΓöÇΓöÇΓöÇΓöÇΓöÇΓöÇΓöÇΓöÇΓöÇΓöñ                                      Γöé
Γöé  Γöé   Γöé         Γöé          Γöé value Γöé {name}                                          Γöé                                      Γöé
Γöé  Γöé   Γöé         Γöé          Γö£ΓöÇΓöÇΓöÇΓöÇΓöÇΓöÇΓöÇΓö╝ΓöÇΓöÇΓöÇΓöÇΓöÇΓöÇΓöÇΓöÇΓöÇΓöÇΓöÇΓöÇΓöÇΓöÇΓöÇΓöÇΓöÇΓöÇΓöÇΓöÇΓöÇΓöÇΓöÇΓöÇΓöÇΓöÇΓöÇΓöÇΓöÇΓöÇΓöÇΓöÇΓöÇΓöÇΓöÇΓöÇΓöÇΓöÇΓöÇΓöÇΓöÇΓöÇΓöÇΓöÇΓöÇΓöÇΓöÇΓöÇΓöÇΓöñ                                      Γöé
Γöé  Γöé   Γöé         Γöé          Γöé key   Γöé hp                                              Γöé                                      Γöé
Γöé  Γöé   Γöé         Γöé          Γö£ΓöÇΓöÇΓöÇΓöÇΓöÇΓöÇΓöÇΓö╝ΓöÇΓöÇΓöÇΓöÇΓöÇΓöÇΓöÇΓöÇΓöÇΓöÇΓöÇΓöÇΓöÇΓöÇΓöÇΓöÇΓöÇΓöÇΓöÇΓöÇΓöÇΓöÇΓöÇΓöÇΓöÇΓöÇΓöÇΓöÇΓöÇΓöÇΓöÇΓöÇΓöÇΓöÇΓöÇΓöÇΓöÇΓöÇΓöÇΓöÇΓöÇΓöÇΓöÇΓöÇΓöÇΓöÇΓöÇΓöÇΓöÇΓöñ                                      Γöé
Γöé  Γöé   Γöé         Γöé          Γöé value Γöé {hp}                                            Γöé                                      Γöé
Γöé  Γöé   Γöé         Γöé          Γö£ΓöÇΓöÇΓöÇΓöÇΓöÇΓöÇΓöÇΓö╝ΓöÇΓöÇΓöÇΓöÇΓöÇΓöÇΓöÇΓöÇΓöÇΓöÇΓöÇΓöÇΓöÇΓöÇΓöÇΓöÇΓöÇΓöÇΓöÇΓöÇΓöÇΓöÇΓöÇΓöÇΓöÇΓöÇΓöÇΓöÇΓöÇΓöÇΓöÇΓöÇΓöÇΓöÇΓöÇΓöÇΓöÇΓöÇΓöÇΓöÇΓöÇΓöÇΓöÇΓöÇΓöÇΓöÇΓöÇΓöÇΓöÇΓöñ                                      Γöé
Γöé  Γöé   Γöé         Γöé          Γöé key   Γöé level                                           Γöé                                      Γöé
Γöé  Γöé   Γöé         Γöé          Γö£ΓöÇΓöÇΓöÇΓöÇΓöÇΓöÇΓöÇΓö╝ΓöÇΓöÇΓöÇΓöÇΓöÇΓöÇΓöÇΓöÇΓöÇΓöÇΓöÇΓöÇΓöÇΓöÇΓöÇΓöÇΓöÇΓöÇΓöÇΓöÇΓöÇΓöÇΓöÇΓöÇΓöÇΓöÇΓöÇΓöÇΓöÇΓöÇΓöÇΓöÇΓöÇΓöÇΓöÇΓöÇΓöÇΓöÇΓöÇΓöÇΓöÇΓöÇΓöÇΓöÇΓöÇΓöÇΓöÇΓöÇΓöÇΓöñ                                      Γöé
Γöé  Γöé   Γöé         Γöé          Γöé value Γöé {level}                                         Γöé                                      Γöé
Γöé  Γöé   Γöé         Γöé          Γö£ΓöÇΓöÇΓöÇΓöÇΓöÇΓöÇΓöÇΓö╝ΓöÇΓöÇΓöÇΓöÇΓöÇΓöÇΓöÇΓöÇΓöÇΓöÇΓöÇΓöÇΓöÇΓöÇΓöÇΓöÇΓöÇΓöÇΓöÇΓöÇΓöÇΓöÇΓöÇΓöÇΓöÇΓöÇΓöÇΓöÇΓöÇΓöÇΓöÇΓöÇΓöÇΓöÇΓöÇΓöÇΓöÇΓöÇΓöÇΓöÇΓöÇΓöÇΓöÇΓöÇΓöÇΓöÇΓöÇΓöÇΓöÇΓöñ                                      Γöé
Γöé  Γöé   Γöé         Γöé          Γöé key   Γöé attack                                          Γöé                                      Γöé
Γöé  Γöé   Γöé         Γöé          Γö£ΓöÇΓöÇΓöÇΓöÇΓöÇΓöÇΓöÇΓö╝ΓöÇΓöÇΓöÇΓöÇΓöÇΓöÇΓöÇΓöÇΓöÇΓöÇΓöÇΓöÇΓöÇΓöÇΓöÇΓöÇΓöÇΓöÇΓöÇΓöÇΓöÇΓöÇΓöÇΓöÇΓöÇΓöÇΓöÇΓöÇΓöÇΓöÇΓöÇΓöÇΓöÇΓöÇΓöÇΓöÇΓöÇΓöÇΓöÇΓöÇΓöÇΓöÇΓöÇΓöÇΓöÇΓöÇΓöÇΓöÇΓöÇΓöñ                                      Γöé
Γöé  Γöé   Γöé         Γöé          Γöé value Γöé {attack}                                        Γöé                                      Γöé
Γöé  Γöé   Γöé         Γöé          Γö£ΓöÇΓöÇΓöÇΓöÇΓöÇΓöÇΓöÇΓö╝ΓöÇΓöÇΓöÇΓöÇΓöÇΓöÇΓöÇΓöÇΓöÇΓöÇΓöÇΓöÇΓöÇΓöÇΓöÇΓöÇΓöÇΓöÇΓöÇΓöÇΓöÇΓöÇΓöÇΓöÇΓöÇΓöÇΓöÇΓöÇΓöÇΓöÇΓöÇΓöÇΓöÇΓöÇΓöÇΓöÇΓöÇΓöÇΓöÇΓöÇΓöÇΓöÇΓöÇΓöÇΓöÇΓöÇΓöÇΓöÇΓöÇΓöñ                                      Γöé
Γöé  Γöé   Γöé         Γöé          Γöé key   Γöé defense                                         Γöé                                      Γöé
Γöé  Γöé   Γöé         Γöé          Γö£ΓöÇΓöÇΓöÇΓöÇΓöÇΓöÇΓöÇΓö╝ΓöÇΓöÇΓöÇΓöÇΓöÇΓöÇΓöÇΓöÇΓöÇΓöÇΓöÇΓöÇΓöÇΓöÇΓöÇΓöÇΓöÇΓöÇΓöÇΓöÇΓöÇΓöÇΓöÇΓöÇΓöÇΓöÇΓöÇΓöÇΓöÇΓöÇΓöÇΓöÇΓöÇΓöÇΓöÇΓöÇΓöÇΓöÇΓöÇΓöÇΓöÇΓöÇΓöÇΓöÇΓöÇΓöÇΓöÇΓöÇΓöÇΓöñ                                      Γöé
Γöé  Γöé   Γöé         Γöé          Γöé value Γöé {defense}                                       Γöé                                      Γöé
Γöé  Γöé   Γöé         Γöé          Γö£ΓöÇΓöÇΓöÇΓöÇΓöÇΓöÇΓöÇΓö╝ΓöÇΓöÇΓöÇΓöÇΓöÇΓöÇΓöÇΓöÇΓöÇΓöÇΓöÇΓöÇΓöÇΓöÇΓöÇΓöÇΓöÇΓöÇΓöÇΓöÇΓöÇΓöÇΓöÇΓöÇΓöÇΓöÇΓöÇΓöÇΓöÇΓöÇΓöÇΓöÇΓöÇΓöÇΓöÇΓöÇΓöÇΓöÇΓöÇΓöÇΓöÇΓöÇΓöÇΓöÇΓöÇΓöÇΓöÇΓöÇΓöÇΓöñ                                      Γöé
Γöé  Γöé   Γöé         Γöé          Γöé key   Γöé damage                                          Γöé                                      Γöé
Γöé  Γöé   Γöé         Γöé          Γö£ΓöÇΓöÇΓöÇΓöÇΓöÇΓöÇΓöÇΓö╝ΓöÇΓöÇΓöÇΓöÇΓöÇΓöÇΓöÇΓöÇΓöÇΓöÇΓöÇΓöÇΓöÇΓöÇΓöÇΓöÇΓöÇΓöÇΓöÇΓöÇΓöÇΓöÇΓöÇΓöÇΓöÇΓöÇΓöÇΓöÇΓöÇΓöÇΓöÇΓöÇΓöÇΓöÇΓöÇΓöÇΓöÇΓöÇΓöÇΓöÇΓöÇΓöÇΓöÇΓöÇΓöÇΓöÇΓöÇΓöÇΓöÇΓöñ                                      Γöé
Γöé  Γöé   Γöé         Γöé          Γöé value Γöé {damage}                                        Γöé                                      Γöé
Γöé  Γöé   Γöé         Γöé          Γö£ΓöÇΓöÇΓöÇΓöÇΓöÇΓöÇΓöÇΓö╝ΓöÇΓöÇΓöÇΓöÇΓöÇΓöÇΓöÇΓöÇΓöÇΓöÇΓöÇΓöÇΓöÇΓöÇΓöÇΓöÇΓöÇΓöÇΓöÇΓöÇΓöÇΓöÇΓöÇΓöÇΓöÇΓöÇΓöÇΓöÇΓöÇΓöÇΓöÇΓöÇΓöÇΓöÇΓöÇΓöÇΓöÇΓöÇΓöÇΓöÇΓöÇΓöÇΓöÇΓöÇΓöÇΓöÇΓöÇΓöÇΓöÇΓöñ                                      Γöé
Γöé  Γöé   Γöé         Γöé          Γöé key   Γöé chakra                                          Γöé                                      Γöé
Γöé  Γöé   Γöé         Γöé          Γö£ΓöÇΓöÇΓöÇΓöÇΓöÇΓöÇΓöÇΓö╝ΓöÇΓöÇΓöÇΓöÇΓöÇΓöÇΓöÇΓöÇΓöÇΓöÇΓöÇΓöÇΓöÇΓöÇΓöÇΓöÇΓöÇΓöÇΓöÇΓöÇΓöÇΓöÇΓöÇΓöÇΓöÇΓöÇΓöÇΓöÇΓöÇΓöÇΓöÇΓöÇΓöÇΓöÇΓöÇΓöÇΓöÇΓöÇΓöÇΓöÇΓöÇΓöÇΓöÇΓöÇΓöÇΓöÇΓöÇΓöÇΓöÇΓöñ                                      Γöé
Γöé  Γöé   Γöé         Γöé          Γöé value Γöé {chakra}                                        Γöé                                      Γöé
Γöé  Γöé   Γöé         Γöé          Γö£ΓöÇΓöÇΓöÇΓöÇΓöÇΓöÇΓöÇΓö╝ΓöÇΓöÇΓöÇΓöÇΓöÇΓöÇΓöÇΓöÇΓöÇΓöÇΓöÇΓöÇΓöÇΓöÇΓöÇΓöÇΓöÇΓöÇΓöÇΓöÇΓöÇΓöÇΓöÇΓöÇΓöÇΓöÇΓöÇΓöÇΓöÇΓöÇΓöÇΓöÇΓöÇΓöÇΓöÇΓöÇΓöÇΓöÇΓöÇΓöÇΓöÇΓöÇΓöÇΓöÇΓöÇΓöÇΓöÇΓöÇΓöÇΓöñ                                      Γöé
Γöé  Γöé   Γöé         Γöé          Γöé key   Γöé image_url                                       Γöé                                      Γöé
Γöé  Γöé   Γöé         Γöé          Γö£ΓöÇΓöÇΓöÇΓöÇΓöÇΓöÇΓöÇΓö╝ΓöÇΓöÇΓöÇΓöÇΓöÇΓöÇΓöÇΓöÇΓöÇΓöÇΓöÇΓöÇΓöÇΓöÇΓöÇΓöÇΓöÇΓöÇΓöÇΓöÇΓöÇΓöÇΓöÇΓöÇΓöÇΓöÇΓöÇΓöÇΓöÇΓöÇΓöÇΓöÇΓöÇΓöÇΓöÇΓöÇΓöÇΓöÇΓöÇΓöÇΓöÇΓöÇΓöÇΓöÇΓöÇΓöÇΓöÇΓöÇΓöÇΓöñ                                      Γöé
Γöé  Γöé   Γöé         Γöé          Γöé value Γöé {image_url}                                     Γöé                                      Γöé
Γöé  Γöé   Γöé         Γöé          Γö£ΓöÇΓöÇΓöÇΓöÇΓöÇΓöÇΓöÇΓö╝ΓöÇΓöÇΓöÇΓöÇΓöÇΓöÇΓöÇΓöÇΓöÇΓöÇΓöÇΓöÇΓöÇΓöÇΓöÇΓöÇΓöÇΓöÇΓöÇΓöÇΓöÇΓöÇΓöÇΓöÇΓöÇΓöÇΓöÇΓöÇΓöÇΓöÇΓöÇΓöÇΓöÇΓöÇΓöÇΓöÇΓöÇΓöÇΓöÇΓöÇΓöÇΓöÇΓöÇΓöÇΓöÇΓöÇΓöÇΓöÇΓöÇΓöñ                                      Γöé
Γöé  Γöé   Γöé         Γöé          Γöé key   Γöé hero_class                                      Γöé                                      Γöé
Γöé  Γöé   Γöé         Γöé          Γö£ΓöÇΓöÇΓöÇΓöÇΓöÇΓöÇΓöÇΓö╝ΓöÇΓöÇΓöÇΓöÇΓöÇΓöÇΓöÇΓöÇΓöÇΓöÇΓöÇΓöÇΓöÇΓöÇΓöÇΓöÇΓöÇΓöÇΓöÇΓöÇΓöÇΓöÇΓöÇΓöÇΓöÇΓöÇΓöÇΓöÇΓöÇΓöÇΓöÇΓöÇΓöÇΓöÇΓöÇΓöÇΓöÇΓöÇΓöÇΓöÇΓöÇΓöÇΓöÇΓöÇΓöÇΓöÇΓöÇΓöÇΓöÇΓöñ                                      Γöé
Γöé  Γöé   Γöé         Γöé          Γöé value Γöé {hero_class}                                    Γöé                                      Γöé
Γöé  Γöé   Γö£ΓöÇΓöÇΓöÇΓöÇΓöÇΓöÇΓöÇΓöÇΓöÇΓö╝ΓöÇΓöÇΓöÇΓöÇΓöÇΓöÇΓöÇΓöÇΓöÇΓöÇΓö┤ΓöÇΓöÇΓöÇΓöÇΓöÇΓöÇΓöÇΓö┤ΓöÇΓöÇΓöÇΓöÇΓöÇΓöÇΓöÇΓöÇΓöÇΓöÇΓöÇΓöÇΓöÇΓöÇΓöÇΓöÇΓöÇΓöÇΓöÇΓöÇΓöÇΓöÇΓöÇΓöÇΓöÇΓöÇΓöÇΓöÇΓöÇΓöÇΓöÇΓöÇΓöÇΓöÇΓöÇΓöÇΓöÇΓöÇΓöÇΓöÇΓöÇΓöÇΓöÇΓöÇΓöÇΓöÇΓöÇΓöÇΓöÇΓöñ                                      Γöé
Γöé  Γöé   Γöé id      Γöé 0x98e1b1d020216a0d9a33631ec8ee20c116fd652f16a100519b947fa5cda7f0f5 Γöé                                      Γöé
Γöé  Γöé   Γö£ΓöÇΓöÇΓöÇΓöÇΓöÇΓöÇΓöÇΓöÇΓöÇΓö╝ΓöÇΓöÇΓöÇΓöÇΓöÇΓöÇΓöÇΓöÇΓöÇΓöÇΓöÇΓöÇΓöÇΓöÇΓöÇΓöÇΓöÇΓöÇΓöÇΓöÇΓöÇΓöÇΓöÇΓöÇΓöÇΓöÇΓöÇΓöÇΓöÇΓöÇΓöÇΓöÇΓöÇΓöÇΓöÇΓöÇΓöÇΓöÇΓöÇΓöÇΓöÇΓöÇΓöÇΓöÇΓöÇΓöÇΓöÇΓöÇΓöÇΓöÇΓöÇΓöÇΓöÇΓöÇΓöÇΓöÇΓöÇΓöÇΓöÇΓöÇΓöÇΓöÇΓöÇΓöÇΓöÇΓöÇΓöÇΓöÇΓöñ                                      Γöé
Γöé  Γöé   Γöé version Γöé 1                                                                  Γöé                                      Γöé
Γöé  Γöé   ΓööΓöÇΓöÇΓöÇΓöÇΓöÇΓöÇΓöÇΓöÇΓöÇΓö┤ΓöÇΓöÇΓöÇΓöÇΓöÇΓöÇΓöÇΓöÇΓöÇΓöÇΓöÇΓöÇΓöÇΓöÇΓöÇΓöÇΓöÇΓöÇΓöÇΓöÇΓöÇΓöÇΓöÇΓöÇΓöÇΓöÇΓöÇΓöÇΓöÇΓöÇΓöÇΓöÇΓöÇΓöÇΓöÇΓöÇΓöÇΓöÇΓöÇΓöÇΓöÇΓöÇΓöÇΓöÇΓöÇΓöÇΓöÇΓöÇΓöÇΓöÇΓöÇΓöÇΓöÇΓöÇΓöÇΓöÇΓöÇΓöÇΓöÇΓöÇΓöÇΓöÇΓöÇΓöÇΓöÇΓöÇΓöÇΓöÇΓöÿ                                      Γöé
Γöé  ΓööΓöÇΓöÇ                                                                                                                       Γöé
Γò░ΓöÇΓöÇΓöÇΓöÇΓöÇΓöÇΓöÇΓöÇΓöÇΓöÇΓöÇΓöÇΓöÇΓöÇΓöÇΓöÇΓöÇΓöÇΓöÇΓöÇΓöÇΓöÇΓöÇΓöÇΓöÇΓöÇΓöÇΓöÇΓöÇΓöÇΓöÇΓöÇΓöÇΓöÇΓöÇΓöÇΓöÇΓöÇΓöÇΓöÇΓöÇΓöÇΓöÇΓöÇΓöÇΓöÇΓöÇΓöÇΓöÇΓöÇΓöÇΓöÇΓöÇΓöÇΓöÇΓöÇΓöÇΓöÇΓöÇΓöÇΓöÇΓöÇΓöÇΓöÇΓöÇΓöÇΓöÇΓöÇΓöÇΓöÇΓöÇΓöÇΓöÇΓöÇΓöÇΓöÇΓöÇΓöÇΓöÇΓöÇΓöÇΓöÇΓöÇΓöÇΓöÇΓöÇΓöÇΓöÇΓöÇΓöÇΓöÇΓöÇΓöÇΓöÇΓöÇΓöÇΓöÇΓöÇΓöÇΓöÇΓöÇΓöÇΓöÇΓöÇΓöÇΓöÇΓöÇΓöÇΓöÇΓöÇΓöÇΓöÇΓöÇΓöÇΓöÇΓöÇΓöÇΓöÇΓöÇΓöÇΓöÇΓöÇΓöÇΓöÇΓò»
Γò¡ΓöÇΓöÇΓöÇΓöÇΓöÇΓöÇΓöÇΓöÇΓöÇΓöÇΓöÇΓöÇΓöÇΓöÇΓöÇΓöÇΓöÇΓöÇΓöÇΓöÇΓöÇΓöÇΓöÇΓöÇΓöÇΓöÇΓöÇΓöÇΓöÇΓöÇΓöÇΓöÇΓöÇΓöÇΓöÇΓöÇΓöÇΓöÇΓöÇΓöÇΓöÇΓöÇΓöÇΓöÇΓöÇΓöÇΓöÇΓöÇΓöÇΓöÇΓöÇΓöÇΓöÇΓöÇΓöÇΓöÇΓöÇΓöÇΓöÇΓöÇΓöÇΓöÇΓöÇΓöÇΓöÇΓöÇΓöÇΓöÇΓöÇΓöÇΓöÇΓöÇΓöÇΓöÇΓöÇΓöÇΓöÇΓöÇΓöÇΓöÇΓöÇΓöÇΓöÇΓöÇΓöÇΓöÇΓöÇΓöÇΓöÇΓöÇΓöÇΓöÇΓöÇΓöÇΓöÇΓöÇΓöÇΓöÇΓöÇΓöÇΓöÇΓöÇΓöÇΓöÇΓöÇΓöÇΓöÇΓöÇΓöÇΓöÇΓöÇΓöÇΓöÇΓöÇΓöÇΓöÇΓöÇΓöÇΓöÇΓò«
Γöé Object Changes                                                                                                        Γöé
Γö£ΓöÇΓöÇΓöÇΓöÇΓöÇΓöÇΓöÇΓöÇΓöÇΓöÇΓöÇΓöÇΓöÇΓöÇΓöÇΓöÇΓöÇΓöÇΓöÇΓöÇΓöÇΓöÇΓöÇΓöÇΓöÇΓöÇΓöÇΓöÇΓöÇΓöÇΓöÇΓöÇΓöÇΓöÇΓöÇΓöÇΓöÇΓöÇΓöÇΓöÇΓöÇΓöÇΓöÇΓöÇΓöÇΓöÇΓöÇΓöÇΓöÇΓöÇΓöÇΓöÇΓöÇΓöÇΓöÇΓöÇΓöÇΓöÇΓöÇΓöÇΓöÇΓöÇΓöÇΓöÇΓöÇΓöÇΓöÇΓöÇΓöÇΓöÇΓöÇΓöÇΓöÇΓöÇΓöÇΓöÇΓöÇΓöÇΓöÇΓöÇΓöÇΓöÇΓöÇΓöÇΓöÇΓöÇΓöÇΓöÇΓöÇΓöÇΓöÇΓöÇΓöÇΓöÇΓöÇΓöÇΓöÇΓöÇΓöÇΓöÇΓöÇΓöÇΓöÇΓöÇΓöÇΓöÇΓöÇΓöÇΓöÇΓöÇΓöÇΓöÇΓöÇΓöÇΓöÇΓöÇΓöÇΓöÇΓöÇΓöñ
Γöé Created Objects:                                                                                                      Γöé
Γöé  ΓöîΓöÇΓöÇ                                                                                                                  Γöé
Γöé  Γöé ObjectID: 0x343a8a33cb499a1c178fc859b7bb66c218b47e9dc39ea06d9763b5c254fc73fa                                       Γöé
Γöé  Γöé Sender: 0xa18380b53746d7b334fcc58f43c27f35a8318ed0af15a4fb572734b342f9c412                                         Γöé
Γöé  Γöé Owner: Account Address ( 0xa18380b53746d7b334fcc58f43c27f35a8318ed0af15a4fb572734b342f9c412 )                      Γöé
Γöé  Γöé ObjectType: 0x2::package::Publisher                                                                                Γöé
Γöé  Γöé Version: 672597321                                                                                                 Γöé
Γöé  Γöé Digest: 3htHpYM72JVt4YeSCdkxGDL3kvYgCzMSdtgmdyrV3CYQ                                                               Γöé
Γöé  ΓööΓöÇΓöÇ                                                                                                                  Γöé
Γöé  ΓöîΓöÇΓöÇ                                                                                                                  Γöé
Γöé  Γöé ObjectID: 0x8661bc6560de2c5ce3239149ca8ccaac1008ea2bb35d416528442b8b7b919e35                                       Γöé
Γöé  Γöé Sender: 0xa18380b53746d7b334fcc58f43c27f35a8318ed0af15a4fb572734b342f9c412                                         Γöé
Γöé  Γöé Owner: Account Address ( 0xa18380b53746d7b334fcc58f43c27f35a8318ed0af15a4fb572734b342f9c412 )                      Γöé
Γöé  Γöé ObjectType: 0x2::package::UpgradeCap                                                                               Γöé
Γöé  Γöé Version: 672597321                                                                                                 Γöé
Γöé  Γöé Digest: GjkMGccnNGQaGTJvyr2T1QfSfCKcfN6jMyjeYvyXr8mE                                                               Γöé
Γöé  ΓööΓöÇΓöÇ                                                                                                                  Γöé
Γöé  ΓöîΓöÇΓöÇ                                                                                                                  Γöé
Γöé  Γöé ObjectID: 0x98e1b1d020216a0d9a33631ec8ee20c116fd652f16a100519b947fa5cda7f0f5                                       Γöé
Γöé  Γöé Sender: 0xa18380b53746d7b334fcc58f43c27f35a8318ed0af15a4fb572734b342f9c412                                         Γöé
Γöé  Γöé Owner: Account Address ( 0xa18380b53746d7b334fcc58f43c27f35a8318ed0af15a4fb572734b342f9c412 )                      Γöé
Γöé  Γöé ObjectType: 0x2::display::Display<0x9cb978970619b9c56f21ae6a7928ec45f3543d7a7fd80d74bc7df4bba53a1cf4::hero::Hero>  Γöé
Γöé  Γöé Version: 672597321                                                                                                 Γöé
Γöé  Γöé Digest: Efng6nCBQgPfWFw4ZS3fwobcJHiNcSKpDTxFgxBkBKPc                                                               Γöé
Γöé  ΓööΓöÇΓöÇ                                                                                                                  Γöé
Γöé Mutated Objects:                                                                                                      Γöé
Γöé  ΓöîΓöÇΓöÇ                                                                                                                  Γöé
Γöé  Γöé ObjectID: 0x60be63f556c1c46a6d1969a8d89622b3d115c6684e9ac9b312bf33aa795b60c4                                       Γöé
Γöé  Γöé Sender: 0xa18380b53746d7b334fcc58f43c27f35a8318ed0af15a4fb572734b342f9c412                                         Γöé
Γöé  Γöé Owner: Account Address ( 0xa18380b53746d7b334fcc58f43c27f35a8318ed0af15a4fb572734b342f9c412 )                      Γöé
Γöé  Γöé ObjectType: 0x2::coin::Coin<0x2::sui::SUI>                                                                         Γöé
Γöé  Γöé Version: 672597321                                                                                                 Γöé
Γöé  Γöé Digest: 7p9KpuQLQau2bQoC6QnUtWMevdb4x7ZGhXmNXMygjrzS                                                               Γöé
Γöé  ΓööΓöÇΓöÇ                                                                                                                  Γöé
Γöé Published Objects:                                                                                                    Γöé
Γöé  ΓöîΓöÇΓöÇ                                                                                                                  Γöé
Γöé  Γöé PackageID: 0x9cb978970619b9c56f21ae6a7928ec45f3543d7a7fd80d74bc7df4bba53a1cf4                                      Γöé
Γöé  Γöé Version: 1                                                                                                         Γöé
Γöé  Γöé Digest: GEM5nNqGepMtQJF34qDkLnZjtvPpQs9gsEUzeXFX9d6m                                                               Γöé
Γöé  Γöé Modules: hero                                                                                                      Γöé
Γöé  ΓööΓöÇΓöÇ                                                                                                                  Γöé
Γò░ΓöÇΓöÇΓöÇΓöÇΓöÇΓöÇΓöÇΓöÇΓöÇΓöÇΓöÇΓöÇΓöÇΓöÇΓöÇΓöÇΓöÇΓöÇΓöÇΓöÇΓöÇΓöÇΓöÇΓöÇΓöÇΓöÇΓöÇΓöÇΓöÇΓöÇΓöÇΓöÇΓöÇΓöÇΓöÇΓöÇΓöÇΓöÇΓöÇΓöÇΓöÇΓöÇΓöÇΓöÇΓöÇΓöÇΓöÇΓöÇΓöÇΓöÇΓöÇΓöÇΓöÇΓöÇΓöÇΓöÇΓöÇΓöÇΓöÇΓöÇΓöÇΓöÇΓöÇΓöÇΓöÇΓöÇΓöÇΓöÇΓöÇΓöÇΓöÇΓöÇΓöÇΓöÇΓöÇΓöÇΓöÇΓöÇΓöÇΓöÇΓöÇΓöÇΓöÇΓöÇΓöÇΓöÇΓöÇΓöÇΓöÇΓöÇΓöÇΓöÇΓöÇΓöÇΓöÇΓöÇΓöÇΓöÇΓöÇΓöÇΓöÇΓöÇΓöÇΓöÇΓöÇΓöÇΓöÇΓöÇΓöÇΓöÇΓöÇΓöÇΓöÇΓöÇΓöÇΓöÇΓöÇΓöÇΓöÇΓò»
Γò¡ΓöÇΓöÇΓöÇΓöÇΓöÇΓöÇΓöÇΓöÇΓöÇΓöÇΓöÇΓöÇΓöÇΓöÇΓöÇΓöÇΓöÇΓöÇΓöÇΓöÇΓöÇΓöÇΓöÇΓöÇΓöÇΓöÇΓöÇΓöÇΓöÇΓöÇΓöÇΓöÇΓöÇΓöÇΓöÇΓöÇΓöÇΓöÇΓöÇΓöÇΓöÇΓöÇΓöÇΓöÇΓöÇΓöÇΓöÇΓöÇΓöÇΓöÇΓöÇΓöÇΓöÇΓöÇΓöÇΓöÇΓöÇΓöÇΓöÇΓöÇΓöÇΓöÇΓöÇΓöÇΓöÇΓöÇΓöÇΓöÇΓöÇΓöÇΓöÇΓöÇΓöÇΓöÇΓöÇΓöÇΓöÇΓöÇΓöÇΓöÇΓöÇΓöÇΓöÇΓöÇΓöÇΓöÇΓöÇΓöÇΓöÇΓöÇΓöÇΓöÇΓöÇΓöÇΓöÇΓöÇΓöÇΓöÇΓöÇΓò«
Γöé Balance Changes                                                                                   Γöé
Γö£ΓöÇΓöÇΓöÇΓöÇΓöÇΓöÇΓöÇΓöÇΓöÇΓöÇΓöÇΓöÇΓöÇΓöÇΓöÇΓöÇΓöÇΓöÇΓöÇΓöÇΓöÇΓöÇΓöÇΓöÇΓöÇΓöÇΓöÇΓöÇΓöÇΓöÇΓöÇΓöÇΓöÇΓöÇΓöÇΓöÇΓöÇΓöÇΓöÇΓöÇΓöÇΓöÇΓöÇΓöÇΓöÇΓöÇΓöÇΓöÇΓöÇΓöÇΓöÇΓöÇΓöÇΓöÇΓöÇΓöÇΓöÇΓöÇΓöÇΓöÇΓöÇΓöÇΓöÇΓöÇΓöÇΓöÇΓöÇΓöÇΓöÇΓöÇΓöÇΓöÇΓöÇΓöÇΓöÇΓöÇΓöÇΓöÇΓöÇΓöÇΓöÇΓöÇΓöÇΓöÇΓöÇΓöÇΓöÇΓöÇΓöÇΓöÇΓöÇΓöÇΓöÇΓöÇΓöÇΓöÇΓöÇΓöÇΓöÇΓöñ
Γöé  ΓöîΓöÇΓöÇ                                                                                              Γöé
Γöé  Γöé Owner: Account Address ( 0xa18380b53746d7b334fcc58f43c27f35a8318ed0af15a4fb572734b342f9c412 )  Γöé
Γöé  Γöé CoinType: 0x2::sui::SUI                                                                        Γöé
Γöé  Γöé Amount: -21681880                                                                              Γöé
Γöé  ΓööΓöÇΓöÇ                                                                                              Γöé
Γò░ΓöÇΓöÇΓöÇΓöÇΓöÇΓöÇΓöÇΓöÇΓöÇΓöÇΓöÇΓöÇΓöÇΓöÇΓöÇΓöÇΓöÇΓöÇΓöÇΓöÇΓöÇΓöÇΓöÇΓöÇΓöÇΓöÇΓöÇΓöÇΓöÇΓöÇΓöÇΓöÇΓöÇΓöÇΓöÇΓöÇΓöÇΓöÇΓöÇΓöÇΓöÇΓöÇΓöÇΓöÇΓöÇΓöÇΓöÇΓöÇΓöÇΓöÇΓöÇΓöÇΓöÇΓöÇΓöÇΓöÇΓöÇΓöÇΓöÇΓöÇΓöÇΓöÇΓöÇΓöÇΓöÇΓöÇΓöÇΓöÇΓöÇΓöÇΓöÇΓöÇΓöÇΓöÇΓöÇΓöÇΓöÇΓöÇΓöÇΓöÇΓöÇΓöÇΓöÇΓöÇΓöÇΓöÇΓöÇΓöÇΓöÇΓöÇΓöÇΓöÇΓöÇΓöÇΓöÇΓöÇΓöÇΓöÇΓöÇΓò»
