[Note]: Dependency sources are no longer verified automatically during publication and upgrade. You can pass the `--verify-deps` option if you would like to verify them as part of publication or upgrade.
INCLUDING DEPENDENCY Bridge
INCLUDING DEPENDENCY SuiSystem
INCLUDING DEPENDENCY Sui
INCLUDING DEPENDENCY MoveStdlib
BUILDING coin
Skipping dependency verification
Transaction Digest: FbTCFD6M2ZEx8cZ38Rpw3UwsWRAgEXQUah8CZojerNXA
Γò¡ΓöÇΓöÇΓöÇΓöÇΓöÇΓöÇΓöÇΓöÇΓöÇΓöÇΓöÇΓöÇΓöÇΓöÇΓöÇΓöÇΓöÇΓöÇΓöÇΓöÇΓöÇΓöÇΓöÇΓöÇΓöÇΓöÇΓöÇΓöÇΓöÇΓöÇΓöÇΓöÇΓöÇΓöÇΓöÇΓöÇΓöÇΓöÇΓöÇΓöÇΓöÇΓöÇΓöÇΓöÇΓöÇΓöÇΓöÇΓöÇΓöÇΓöÇΓöÇΓöÇΓöÇΓöÇΓöÇΓöÇΓöÇΓöÇΓöÇΓöÇΓöÇΓöÇΓöÇΓöÇΓöÇΓöÇΓöÇΓöÇΓöÇΓöÇΓöÇΓöÇΓöÇΓöÇΓöÇΓöÇΓöÇΓöÇΓöÇΓöÇΓöÇΓöÇΓöÇΓöÇΓöÇΓöÇΓöÇΓöÇΓöÇΓöÇΓöÇΓöÇΓöÇΓöÇΓöÇΓöÇΓöÇΓöÇΓöÇΓöÇΓöÇΓöÇΓöÇΓöÇΓöÇΓöÇΓöÇΓöÇΓöÇΓöÇΓò«
Γöé Transaction Data                                                                                             Γöé
Γö£ΓöÇΓöÇΓöÇΓöÇΓöÇΓöÇΓöÇΓöÇΓöÇΓöÇΓöÇΓöÇΓöÇΓöÇΓöÇΓöÇΓöÇΓöÇΓöÇΓöÇΓöÇΓöÇΓöÇΓöÇΓöÇΓöÇΓöÇΓöÇΓöÇΓöÇΓöÇΓöÇΓöÇΓöÇΓöÇΓöÇΓöÇΓöÇΓöÇΓöÇΓöÇΓöÇΓöÇΓöÇΓöÇΓöÇΓöÇΓöÇΓöÇΓöÇΓöÇΓöÇΓöÇΓöÇΓöÇΓöÇΓöÇΓöÇΓöÇΓöÇΓöÇΓöÇΓöÇΓöÇΓöÇΓöÇΓöÇΓöÇΓöÇΓöÇΓöÇΓöÇΓöÇΓöÇΓöÇΓöÇΓöÇΓöÇΓöÇΓöÇΓöÇΓöÇΓöÇΓöÇΓöÇΓöÇΓöÇΓöÇΓöÇΓöÇΓöÇΓöÇΓöÇΓöÇΓöÇΓöÇΓöÇΓöÇΓöÇΓöÇΓöÇΓöÇΓöÇΓöÇΓöÇΓöÇΓöÇΓöÇΓöÇΓöÇΓöñ
Γöé Sender: 0xa18380b53746d7b334fcc58f43c27f35a8318ed0af15a4fb572734b342f9c412                                   Γöé
Γöé Gas Owner: 0xa18380b53746d7b334fcc58f43c27f35a8318ed0af15a4fb572734b342f9c412                                Γöé
Γöé Gas Budget: 50000000 MIST                                                                                    Γöé
Γöé Gas Price: 1000 MIST                                                                                         Γöé
Γöé Gas Payment:                                                                                                 Γöé
Γöé  ΓöîΓöÇΓöÇ                                                                                                         Γöé
Γöé  Γöé ID: 0x60be63f556c1c46a6d1969a8d89622b3d115c6684e9ac9b312bf33aa795b60c4                                    Γöé
Γöé  Γöé Version: 672597319                                                                                        Γöé
Γöé  Γöé Digest: B9cqZK3mUPfzH3VNGnWhEpnwg5oQvB5ds7oihtMjhDGF                                                      Γöé
Γöé  ΓööΓöÇΓöÇ                                                                                                         Γöé
Γöé                                                                                                              Γöé
Γöé Transaction Kind: Programmable                                                                               Γöé
Γöé Γò¡ΓöÇΓöÇΓöÇΓöÇΓöÇΓöÇΓöÇΓöÇΓöÇΓöÇΓöÇΓöÇΓöÇΓöÇΓöÇΓöÇΓöÇΓöÇΓöÇΓöÇΓöÇΓöÇΓöÇΓöÇΓöÇΓöÇΓöÇΓöÇΓöÇΓöÇΓöÇΓöÇΓöÇΓöÇΓöÇΓöÇΓöÇΓöÇΓöÇΓöÇΓöÇΓöÇΓöÇΓöÇΓöÇΓöÇΓöÇΓöÇΓöÇΓöÇΓöÇΓöÇΓöÇΓöÇΓöÇΓöÇΓöÇΓöÇΓöÇΓöÇΓöÇΓöÇΓöÇΓöÇΓöÇΓöÇΓöÇΓöÇΓöÇΓöÇΓöÇΓöÇΓöÇΓöÇΓöÇΓöÇΓöÇΓöÇΓöÇΓöÇΓöÇΓöÇΓöÇΓöÇΓöÇΓöÇΓöÇΓöÇΓöÇΓöÇΓöÇΓöÇΓöÇΓöÇΓöÇΓöÇΓöÇΓöÇΓöÇΓöÇΓöÇΓöÇΓöÇΓöÇΓöÇΓöÇΓò« Γöé
Γöé Γöé Input Objects                                                                                            Γöé Γöé
Γöé Γö£ΓöÇΓöÇΓöÇΓöÇΓöÇΓöÇΓöÇΓöÇΓöÇΓöÇΓöÇΓöÇΓöÇΓöÇΓöÇΓöÇΓöÇΓöÇΓöÇΓöÇΓöÇΓöÇΓöÇΓöÇΓöÇΓöÇΓöÇΓöÇΓöÇΓöÇΓöÇΓöÇΓöÇΓöÇΓöÇΓöÇΓöÇΓöÇΓöÇΓöÇΓöÇΓöÇΓöÇΓöÇΓöÇΓöÇΓöÇΓöÇΓöÇΓöÇΓöÇΓöÇΓöÇΓöÇΓöÇΓöÇΓöÇΓöÇΓöÇΓöÇΓöÇΓöÇΓöÇΓöÇΓöÇΓöÇΓöÇΓöÇΓöÇΓöÇΓöÇΓöÇΓöÇΓöÇΓöÇΓöÇΓöÇΓöÇΓöÇΓöÇΓöÇΓöÇΓöÇΓöÇΓöÇΓöÇΓöÇΓöÇΓöÇΓöÇΓöÇΓöÇΓöÇΓöÇΓöÇΓöÇΓöÇΓöÇΓöÇΓöÇΓöÇΓöÇΓöÇΓöÇΓöÇΓöÇΓöñ Γöé
Γöé Γöé 0   Pure Arg: Type: address, Value: "0xa18380b53746d7b334fcc58f43c27f35a8318ed0af15a4fb572734b342f9c412" Γöé Γöé
Γöé Γò░ΓöÇΓöÇΓöÇΓöÇΓöÇΓöÇΓöÇΓöÇΓöÇΓöÇΓöÇΓöÇΓöÇΓöÇΓöÇΓöÇΓöÇΓöÇΓöÇΓöÇΓöÇΓöÇΓöÇΓöÇΓöÇΓöÇΓöÇΓöÇΓöÇΓöÇΓöÇΓöÇΓöÇΓöÇΓöÇΓöÇΓöÇΓöÇΓöÇΓöÇΓöÇΓöÇΓöÇΓöÇΓöÇΓöÇΓöÇΓöÇΓöÇΓöÇΓöÇΓöÇΓöÇΓöÇΓöÇΓöÇΓöÇΓöÇΓöÇΓöÇΓöÇΓöÇΓöÇΓöÇΓöÇΓöÇΓöÇΓöÇΓöÇΓöÇΓöÇΓöÇΓöÇΓöÇΓöÇΓöÇΓöÇΓöÇΓöÇΓöÇΓöÇΓöÇΓöÇΓöÇΓöÇΓöÇΓöÇΓöÇΓöÇΓöÇΓöÇΓöÇΓöÇΓöÇΓöÇΓöÇΓöÇΓöÇΓöÇΓöÇΓöÇΓöÇΓöÇΓöÇΓöÇΓöÇΓò» Γöé
Γöé Γò¡ΓöÇΓöÇΓöÇΓöÇΓöÇΓöÇΓöÇΓöÇΓöÇΓöÇΓöÇΓöÇΓöÇΓöÇΓöÇΓöÇΓöÇΓöÇΓöÇΓöÇΓöÇΓöÇΓöÇΓöÇΓöÇΓöÇΓöÇΓöÇΓöÇΓöÇΓöÇΓöÇΓöÇΓöÇΓöÇΓöÇΓöÇΓöÇΓöÇΓöÇΓöÇΓöÇΓöÇΓöÇΓöÇΓöÇΓöÇΓöÇΓöÇΓöÇΓöÇΓöÇΓöÇΓöÇΓöÇΓöÇΓöÇΓöÇΓöÇΓöÇΓöÇΓöÇΓöÇΓöÇΓöÇΓöÇΓöÇΓöÇΓöÇΓöÇΓöÇΓöÇΓöÇΓò«                                  Γöé
Γöé Γöé Commands                                                                Γöé                                  Γöé
Γöé Γö£ΓöÇΓöÇΓöÇΓöÇΓöÇΓöÇΓöÇΓöÇΓöÇΓöÇΓöÇΓöÇΓöÇΓöÇΓöÇΓöÇΓöÇΓöÇΓöÇΓöÇΓöÇΓöÇΓöÇΓöÇΓöÇΓöÇΓöÇΓöÇΓöÇΓöÇΓöÇΓöÇΓöÇΓöÇΓöÇΓöÇΓöÇΓöÇΓöÇΓöÇΓöÇΓöÇΓöÇΓöÇΓöÇΓöÇΓöÇΓöÇΓöÇΓöÇΓöÇΓöÇΓöÇΓöÇΓöÇΓöÇΓöÇΓöÇΓöÇΓöÇΓöÇΓöÇΓöÇΓöÇΓöÇΓöÇΓöÇΓöÇΓöÇΓöÇΓöÇΓöÇΓöÇΓöñ                                  Γöé
Γöé Γöé 0  Publish:                                                             Γöé                                  Γöé
Γöé Γöé  Γöî                                                                      Γöé                                  Γöé
Γöé Γöé  Γöé Dependencies:                                                        Γöé                                  Γöé
Γöé Γöé  Γöé   0x0000000000000000000000000000000000000000000000000000000000000001 Γöé                                  Γöé
Γöé Γöé  Γöé   0x0000000000000000000000000000000000000000000000000000000000000002 Γöé                                  Γöé
Γöé Γöé  Γöö                                                                      Γöé                                  Γöé
Γöé Γöé                                                                         Γöé                                  Γöé
Γöé Γöé 1  TransferObjects:                                                     Γöé                                  Γöé
Γöé Γöé  Γöî                                                                      Γöé                                  Γöé
Γöé Γöé  Γöé Arguments:                                                           Γöé                                  Γöé
Γöé Γöé  Γöé   Result 0                                                           Γöé                                  Γöé
Γöé Γöé  Γöé Address: Input  0                                                    Γöé                                  Γöé
Γöé Γöé  Γöö                                                                      Γöé                                  Γöé
Γöé Γò░ΓöÇΓöÇΓöÇΓöÇΓöÇΓöÇΓöÇΓöÇΓöÇΓöÇΓöÇΓöÇΓöÇΓöÇΓöÇΓöÇΓöÇΓöÇΓöÇΓöÇΓöÇΓöÇΓöÇΓöÇΓöÇΓöÇΓöÇΓöÇΓöÇΓöÇΓöÇΓöÇΓöÇΓöÇΓöÇΓöÇΓöÇΓöÇΓöÇΓöÇΓöÇΓöÇΓöÇΓöÇΓöÇΓöÇΓöÇΓöÇΓöÇΓöÇΓöÇΓöÇΓöÇΓöÇΓöÇΓöÇΓöÇΓöÇΓöÇΓöÇΓöÇΓöÇΓöÇΓöÇΓöÇΓöÇΓöÇΓöÇΓöÇΓöÇΓöÇΓöÇΓöÇΓò»                                  Γöé
Γöé                                                                                                              Γöé
Γöé Signatures:                                                                                                  Γöé
Γöé    3wlKU8E3cxDLPU+A4Y8ZCjcUT/opx6sg/LVkLDokdamhctKxk3xENIpvDrllWkCCxRsttRM0gNK4315n00H8DA==                  Γöé
Γöé                                                                                                              Γöé
Γò░ΓöÇΓöÇΓöÇΓöÇΓöÇΓöÇΓöÇΓöÇΓöÇΓöÇΓöÇΓöÇΓöÇΓöÇΓöÇΓöÇΓöÇΓöÇΓöÇΓöÇΓöÇΓöÇΓöÇΓöÇΓöÇΓöÇΓöÇΓöÇΓöÇΓöÇΓöÇΓöÇΓöÇΓöÇΓöÇΓöÇΓöÇΓöÇΓöÇΓöÇΓöÇΓöÇΓöÇΓöÇΓöÇΓöÇΓöÇΓöÇΓöÇΓöÇΓöÇΓöÇΓöÇΓöÇΓöÇΓöÇΓöÇΓöÇΓöÇΓöÇΓöÇΓöÇΓöÇΓöÇΓöÇΓöÇΓöÇΓöÇΓöÇΓöÇΓöÇΓöÇΓöÇΓöÇΓöÇΓöÇΓöÇΓöÇΓöÇΓöÇΓöÇΓöÇΓöÇΓöÇΓöÇΓöÇΓöÇΓöÇΓöÇΓöÇΓöÇΓöÇΓöÇΓöÇΓöÇΓöÇΓöÇΓöÇΓöÇΓöÇΓöÇΓöÇΓöÇΓöÇΓöÇΓöÇΓöÇΓöÇΓöÇΓöÇΓò»
Γò¡ΓöÇΓöÇΓöÇΓöÇΓöÇΓöÇΓöÇΓöÇΓöÇΓöÇΓöÇΓöÇΓöÇΓöÇΓöÇΓöÇΓöÇΓöÇΓöÇΓöÇΓöÇΓöÇΓöÇΓöÇΓöÇΓöÇΓöÇΓöÇΓöÇΓöÇΓöÇΓöÇΓöÇΓöÇΓöÇΓöÇΓöÇΓöÇΓöÇΓöÇΓöÇΓöÇΓöÇΓöÇΓöÇΓöÇΓöÇΓöÇΓöÇΓöÇΓöÇΓöÇΓöÇΓöÇΓöÇΓöÇΓöÇΓöÇΓöÇΓöÇΓöÇΓöÇΓöÇΓöÇΓöÇΓöÇΓöÇΓöÇΓöÇΓöÇΓöÇΓöÇΓöÇΓöÇΓöÇΓöÇΓöÇΓöÇΓöÇΓöÇΓöÇΓöÇΓöÇΓöÇΓöÇΓöÇΓöÇΓöÇΓöÇΓöÇΓöÇΓöÇΓöÇΓöÇΓöÇΓöÇΓöÇΓöÇΓöÇΓò«
Γöé Transaction Effects                                                                               Γöé
Γö£ΓöÇΓöÇΓöÇΓöÇΓöÇΓöÇΓöÇΓöÇΓöÇΓöÇΓöÇΓöÇΓöÇΓöÇΓöÇΓöÇΓöÇΓöÇΓöÇΓöÇΓöÇΓöÇΓöÇΓöÇΓöÇΓöÇΓöÇΓöÇΓöÇΓöÇΓöÇΓöÇΓöÇΓöÇΓöÇΓöÇΓöÇΓöÇΓöÇΓöÇΓöÇΓöÇΓöÇΓöÇΓöÇΓöÇΓöÇΓöÇΓöÇΓöÇΓöÇΓöÇΓöÇΓöÇΓöÇΓöÇΓöÇΓöÇΓöÇΓöÇΓöÇΓöÇΓöÇΓöÇΓöÇΓöÇΓöÇΓöÇΓöÇΓöÇΓöÇΓöÇΓöÇΓöÇΓöÇΓöÇΓöÇΓöÇΓöÇΓöÇΓöÇΓöÇΓöÇΓöÇΓöÇΓöÇΓöÇΓöÇΓöÇΓöÇΓöÇΓöÇΓöÇΓöÇΓöÇΓöÇΓöÇΓöÇΓöÇΓöñ
Γöé Digest: FbTCFD6M2ZEx8cZ38Rpw3UwsWRAgEXQUah8CZojerNXA                                              Γöé
Γöé Status: Success                                                                                   Γöé
Γöé Executed Epoch: 964                                                                               Γöé
Γöé                                                                                                   Γöé
Γöé Created Objects:                                                                                  Γöé
Γöé  ΓöîΓöÇΓöÇ                                                                                              Γöé
Γöé  Γöé ID: 0x0109444aaa5930bc79f6c94f0c7e0c6154c9acaf7f429505b2a873a9fbd44d7b                         Γöé
Γöé  Γöé Owner: Immutable                                                                               Γöé
Γöé  Γöé Version: 1                                                                                     Γöé
Γöé  Γöé Digest: 5S1E7H5mEb8z9Lqmrn8cW7LbiEjHQLkohyKHFqbApLP4                                           Γöé
Γöé  ΓööΓöÇΓöÇ                                                                                              Γöé
Γöé  ΓöîΓöÇΓöÇ                                                                                              Γöé
Γöé  Γöé ID: 0x5e69e3e4c43a25a2c7b7e94a1b917f809d143e40411a40f614740cd817683942                         Γöé
Γöé  Γöé Owner: Account Address ( 0xa18380b53746d7b334fcc58f43c27f35a8318ed0af15a4fb572734b342f9c412 )  Γöé
Γöé  Γöé Version: 672597320                                                                             Γöé
Γöé  Γöé Digest: BXnmGXvfMDar9pR8Kz66UhYDWAiJToBn2TSMq58Xq34y                                           Γöé
Γöé  ΓööΓöÇΓöÇ                                                                                              Γöé
Γöé  ΓöîΓöÇΓöÇ                                                                                              Γöé
Γöé  Γöé ID: 0x7a234b4b37ecd228ce5bc132a95d5fd503922ce08a097ea28c40ef8944741679                         Γöé
Γöé  Γöé Owner: Immutable                                                                               Γöé
Γöé  Γöé Version: 672597320                                                                             Γöé
Γöé  Γöé Digest: CHqb58Y9HjDEK8cinvzh9Dg1x1Y2jyDRYYdAM9ZLJ8NT                                           Γöé
Γöé  ΓööΓöÇΓöÇ                                                                                              Γöé
Γöé  ΓöîΓöÇΓöÇ                                                                                              Γöé
Γöé  Γöé ID: 0x96e9090c65d9b290b6dc75e7b87d9bec0c2f270133c7c7975dbc5a07501e2600                         Γöé
Γöé  Γöé Owner: Account Address ( 0xa18380b53746d7b334fcc58f43c27f35a8318ed0af15a4fb572734b342f9c412 )  Γöé
Γöé  Γöé Version: 672597320                                                                             Γöé
Γöé  Γöé Digest: 8ueC4tmm8kDRAN4259HqW6MWLSG8sAUhJKSLTAAyFmUY                                           Γöé
Γöé  ΓööΓöÇΓöÇ                                                                                              Γöé
Γöé Mutated Objects:                                                                                  Γöé
Γöé  ΓöîΓöÇΓöÇ                                                                                              Γöé
Γöé  Γöé ID: 0x60be63f556c1c46a6d1969a8d89622b3d115c6684e9ac9b312bf33aa795b60c4                         Γöé
Γöé  Γöé Owner: Account Address ( 0xa18380b53746d7b334fcc58f43c27f35a8318ed0af15a4fb572734b342f9c412 )  Γöé
Γöé  Γöé Version: 672597320                                                                             Γöé
Γöé  Γöé Digest: Bp3uvAP3FvprpY8ebsnS546H3V2arEBg5kiU3nLjQndV                                           Γöé
Γöé  ΓööΓöÇΓöÇ                                                                                              Γöé
Γöé Gas Object:                                                                                       Γöé
Γöé  ΓöîΓöÇΓöÇ                                                                                              Γöé
Γöé  Γöé ID: 0x60be63f556c1c46a6d1969a8d89622b3d115c6684e9ac9b312bf33aa795b60c4                         Γöé
Γöé  Γöé Owner: Account Address ( 0xa18380b53746d7b334fcc58f43c27f35a8318ed0af15a4fb572734b342f9c412 )  Γöé
Γöé  Γöé Version: 672597320                                                                             Γöé
Γöé  Γöé Digest: Bp3uvAP3FvprpY8ebsnS546H3V2arEBg5kiU3nLjQndV                                           Γöé
Γöé  ΓööΓöÇΓöÇ                                                                                              Γöé
Γöé Gas Cost Summary:                                                                                 Γöé
Γöé    Storage Cost: 17069600 MIST                                                                    Γöé
Γöé    Computation Cost: 1000000 MIST                                                                 Γöé
Γöé    Storage Rebate: 978120 MIST                                                                    Γöé
Γöé    Non-refundable Storage Fee: 9880 MIST                                                          Γöé
Γöé                                                                                                   Γöé
Γöé Transaction Dependencies:                                                                         Γöé
Γöé    2BNuLYzJ44M4TUWDYrZd3Ve2mcAuz1hWg6toU4jsJoeX                                                   Γöé
Γöé    981Vh2QzBc5X7u4jtphiyMCJ631xt68DftqBZa3TWCYJ                                                   Γöé
Γò░ΓöÇΓöÇΓöÇΓöÇΓöÇΓöÇΓöÇΓöÇΓöÇΓöÇΓöÇΓöÇΓöÇΓöÇΓöÇΓöÇΓöÇΓöÇΓöÇΓöÇΓöÇΓöÇΓöÇΓöÇΓöÇΓöÇΓöÇΓöÇΓöÇΓöÇΓöÇΓöÇΓöÇΓöÇΓöÇΓöÇΓöÇΓöÇΓöÇΓöÇΓöÇΓöÇΓöÇΓöÇΓöÇΓöÇΓöÇΓöÇΓöÇΓöÇΓöÇΓöÇΓöÇΓöÇΓöÇΓöÇΓöÇΓöÇΓöÇΓöÇΓöÇΓöÇΓöÇΓöÇΓöÇΓöÇΓöÇΓöÇΓöÇΓöÇΓöÇΓöÇΓöÇΓöÇΓöÇΓöÇΓöÇΓöÇΓöÇΓöÇΓöÇΓöÇΓöÇΓöÇΓöÇΓöÇΓöÇΓöÇΓöÇΓöÇΓöÇΓöÇΓöÇΓöÇΓöÇΓöÇΓöÇΓöÇΓöÇΓò»
Γò¡ΓöÇΓöÇΓöÇΓöÇΓöÇΓöÇΓöÇΓöÇΓöÇΓöÇΓöÇΓöÇΓöÇΓöÇΓöÇΓöÇΓöÇΓöÇΓöÇΓöÇΓöÇΓöÇΓöÇΓöÇΓöÇΓöÇΓöÇΓöÇΓöÇΓò«
Γöé No transaction block events Γöé
Γò░ΓöÇΓöÇΓöÇΓöÇΓöÇΓöÇΓöÇΓöÇΓöÇΓöÇΓöÇΓöÇΓöÇΓöÇΓöÇΓöÇΓöÇΓöÇΓöÇΓöÇΓöÇΓöÇΓöÇΓöÇΓöÇΓöÇΓöÇΓöÇΓöÇΓò»

Γò¡ΓöÇΓöÇΓöÇΓöÇΓöÇΓöÇΓöÇΓöÇΓöÇΓöÇΓöÇΓöÇΓöÇΓöÇΓöÇΓöÇΓöÇΓöÇΓöÇΓöÇΓöÇΓöÇΓöÇΓöÇΓöÇΓöÇΓöÇΓöÇΓöÇΓöÇΓöÇΓöÇΓöÇΓöÇΓöÇΓöÇΓöÇΓöÇΓöÇΓöÇΓöÇΓöÇΓöÇΓöÇΓöÇΓöÇΓöÇΓöÇΓöÇΓöÇΓöÇΓöÇΓöÇΓöÇΓöÇΓöÇΓöÇΓöÇΓöÇΓöÇΓöÇΓöÇΓöÇΓöÇΓöÇΓöÇΓöÇΓöÇΓöÇΓöÇΓöÇΓöÇΓöÇΓöÇΓöÇΓöÇΓöÇΓöÇΓöÇΓöÇΓöÇΓöÇΓöÇΓöÇΓöÇΓöÇΓöÇΓöÇΓöÇΓöÇΓöÇΓöÇΓöÇΓöÇΓöÇΓöÇΓöÇΓöÇΓöÇΓöÇΓöÇΓöÇΓöÇΓöÇΓöÇΓöÇΓöÇΓöÇΓöÇΓöÇΓöÇΓöÇΓöÇΓöÇΓöÇΓöÇΓöÇΓöÇΓöÇΓöÇΓöÇΓöÇΓöÇΓöÇΓöÇΓöÇΓöÇΓöÇΓöÇΓöÇΓöÇΓöÇΓò«
Γöé Object Changes                                                                                                                     Γöé
Γö£ΓöÇΓöÇΓöÇΓöÇΓöÇΓöÇΓöÇΓöÇΓöÇΓöÇΓöÇΓöÇΓöÇΓöÇΓöÇΓöÇΓöÇΓöÇΓöÇΓöÇΓöÇΓöÇΓöÇΓöÇΓöÇΓöÇΓöÇΓöÇΓöÇΓöÇΓöÇΓöÇΓöÇΓöÇΓöÇΓöÇΓöÇΓöÇΓöÇΓöÇΓöÇΓöÇΓöÇΓöÇΓöÇΓöÇΓöÇΓöÇΓöÇΓöÇΓöÇΓöÇΓöÇΓöÇΓöÇΓöÇΓöÇΓöÇΓöÇΓöÇΓöÇΓöÇΓöÇΓöÇΓöÇΓöÇΓöÇΓöÇΓöÇΓöÇΓöÇΓöÇΓöÇΓöÇΓöÇΓöÇΓöÇΓöÇΓöÇΓöÇΓöÇΓöÇΓöÇΓöÇΓöÇΓöÇΓöÇΓöÇΓöÇΓöÇΓöÇΓöÇΓöÇΓöÇΓöÇΓöÇΓöÇΓöÇΓöÇΓöÇΓöÇΓöÇΓöÇΓöÇΓöÇΓöÇΓöÇΓöÇΓöÇΓöÇΓöÇΓöÇΓöÇΓöÇΓöÇΓöÇΓöÇΓöÇΓöÇΓöÇΓöÇΓöÇΓöÇΓöÇΓöÇΓöÇΓöÇΓöÇΓöÇΓöÇΓöÇΓöÇΓöñ
Γöé Created Objects:                                                                                                                   Γöé
Γöé  ΓöîΓöÇΓöÇ                                                                                                                               Γöé
Γöé  Γöé ObjectID: 0x5e69e3e4c43a25a2c7b7e94a1b917f809d143e40411a40f614740cd817683942                                                    Γöé
Γöé  Γöé Sender: 0xa18380b53746d7b334fcc58f43c27f35a8318ed0af15a4fb572734b342f9c412                                                      Γöé
Γöé  Γöé Owner: Account Address ( 0xa18380b53746d7b334fcc58f43c27f35a8318ed0af15a4fb572734b342f9c412 )                                   Γöé
Γöé  Γöé ObjectType: 0x2::package::UpgradeCap                                                                                            Γöé
Γöé  Γöé Version: 672597320                                                                                                              Γöé
Γöé  Γöé Digest: BXnmGXvfMDar9pR8Kz66UhYDWAiJToBn2TSMq58Xq34y                                                                            Γöé
Γöé  ΓööΓöÇΓöÇ                                                                                                                               Γöé
Γöé  ΓöîΓöÇΓöÇ                                                                                                                               Γöé
Γöé  Γöé ObjectID: 0x7a234b4b37ecd228ce5bc132a95d5fd503922ce08a097ea28c40ef8944741679                                                    Γöé
Γöé  Γöé Sender: 0xa18380b53746d7b334fcc58f43c27f35a8318ed0af15a4fb572734b342f9c412                                                      Γöé
Γöé  Γöé Owner: Immutable                                                                                                                Γöé
Γöé  Γöé ObjectType: 0x2::coin::CoinMetadata<0x109444aaa5930bc79f6c94f0c7e0c6154c9acaf7f429505b2a873a9fbd44d7b::arena_coin::ARENA_COIN>  Γöé
Γöé  Γöé Version: 672597320                                                                                                              Γöé
Γöé  Γöé Digest: CHqb58Y9HjDEK8cinvzh9Dg1x1Y2jyDRYYdAM9ZLJ8NT                                                                            Γöé
Γöé  ΓööΓöÇΓöÇ                                                                                                                               Γöé
Γöé  ΓöîΓöÇΓöÇ                                                                                                                               Γöé
Γöé  Γöé ObjectID: 0x96e9090c65d9b290b6dc75e7b87d9bec0c2f270133c7c7975dbc5a07501e2600                                                    Γöé
Γöé  Γöé Sender: 0xa18380b53746d7b334fcc58f43c27f35a8318ed0af15a4fb572734b342f9c412                                                      Γöé
Γöé  Γöé Owner: Account Address ( 0xa18380b53746d7b334fcc58f43c27f35a8318ed0af15a4fb572734b342f9c412 )                                   Γöé
Γöé  Γöé ObjectType: 0x2::coin::TreasuryCap<0x109444aaa5930bc79f6c94f0c7e0c6154c9acaf7f429505b2a873a9fbd44d7b::arena_coin::ARENA_COIN>   Γöé
Γöé  Γöé Version: 672597320                                                                                                              Γöé
Γöé  Γöé Digest: 8ueC4tmm8kDRAN4259HqW6MWLSG8sAUhJKSLTAAyFmUY                                                                            Γöé
Γöé  ΓööΓöÇΓöÇ                                                                                                                               Γöé
Γöé Mutated Objects:                                                                                                                   Γöé
Γöé  ΓöîΓöÇΓöÇ                                                                                                                               Γöé
Γöé  Γöé ObjectID: 0x60be63f556c1c46a6d1969a8d89622b3d115c6684e9ac9b312bf33aa795b60c4                                                    Γöé
Γöé  Γöé Sender: 0xa18380b53746d7b334fcc58f43c27f35a8318ed0af15a4fb572734b342f9c412                                                      Γöé
Γöé  Γöé Owner: Account Address ( 0xa18380b53746d7b334fcc58f43c27f35a8318ed0af15a4fb572734b342f9c412 )                                   Γöé
Γöé  Γöé ObjectType: 0x2::coin::Coin<0x2::sui::SUI>                                                                                      Γöé
Γöé  Γöé Version: 672597320                                                                                                              Γöé
Γöé  Γöé Digest: Bp3uvAP3FvprpY8ebsnS546H3V2arEBg5kiU3nLjQndV                                                                            Γöé
Γöé  ΓööΓöÇΓöÇ                                                                                                                               Γöé
Γöé Published Objects:                                                                                                                 Γöé
Γöé  ΓöîΓöÇΓöÇ                                                                                                                               Γöé
Γöé  Γöé PackageID: 0x0109444aaa5930bc79f6c94f0c7e0c6154c9acaf7f429505b2a873a9fbd44d7b                                                   Γöé
Γöé  Γöé Version: 1                                                                                                                      Γöé
Γöé  Γöé Digest: 5S1E7H5mEb8z9Lqmrn8cW7LbiEjHQLkohyKHFqbApLP4                                                                            Γöé
Γöé  Γöé Modules: arena_coin                                                                                                             Γöé
Γöé  ΓööΓöÇΓöÇ                                                                                                                               Γöé
Γò░ΓöÇΓöÇΓöÇΓöÇΓöÇΓöÇΓöÇΓöÇΓöÇΓöÇΓöÇΓöÇΓöÇΓöÇΓöÇΓöÇΓöÇΓöÇΓöÇΓöÇΓöÇΓöÇΓöÇΓöÇΓöÇΓöÇΓöÇΓöÇΓöÇΓöÇΓöÇΓöÇΓöÇΓöÇΓöÇΓöÇΓöÇΓöÇΓöÇΓöÇΓöÇΓöÇΓöÇΓöÇΓöÇΓöÇΓöÇΓöÇΓöÇΓöÇΓöÇΓöÇΓöÇΓöÇΓöÇΓöÇΓöÇΓöÇΓöÇΓöÇΓöÇΓöÇΓöÇΓöÇΓöÇΓöÇΓöÇΓöÇΓöÇΓöÇΓöÇΓöÇΓöÇΓöÇΓöÇΓöÇΓöÇΓöÇΓöÇΓöÇΓöÇΓöÇΓöÇΓöÇΓöÇΓöÇΓöÇΓöÇΓöÇΓöÇΓöÇΓöÇΓöÇΓöÇΓöÇΓöÇΓöÇΓöÇΓöÇΓöÇΓöÇΓöÇΓöÇΓöÇΓöÇΓöÇΓöÇΓöÇΓöÇΓöÇΓöÇΓöÇΓöÇΓöÇΓöÇΓöÇΓöÇΓöÇΓöÇΓöÇΓöÇΓöÇΓöÇΓöÇΓöÇΓöÇΓöÇΓöÇΓöÇΓöÇΓöÇΓöÇΓò»
Γò¡ΓöÇΓöÇΓöÇΓöÇΓöÇΓöÇΓöÇΓöÇΓöÇΓöÇΓöÇΓöÇΓöÇΓöÇΓöÇΓöÇΓöÇΓöÇΓöÇΓöÇΓöÇΓöÇΓöÇΓöÇΓöÇΓöÇΓöÇΓöÇΓöÇΓöÇΓöÇΓöÇΓöÇΓöÇΓöÇΓöÇΓöÇΓöÇΓöÇΓöÇΓöÇΓöÇΓöÇΓöÇΓöÇΓöÇΓöÇΓöÇΓöÇΓöÇΓöÇΓöÇΓöÇΓöÇΓöÇΓöÇΓöÇΓöÇΓöÇΓöÇΓöÇΓöÇΓöÇΓöÇΓöÇΓöÇΓöÇΓöÇΓöÇΓöÇΓöÇΓöÇΓöÇΓöÇΓöÇΓöÇΓöÇΓöÇΓöÇΓöÇΓöÇΓöÇΓöÇΓöÇΓöÇΓöÇΓöÇΓöÇΓöÇΓöÇΓöÇΓöÇΓöÇΓöÇΓöÇΓöÇΓöÇΓöÇΓöÇΓò«
Γöé Balance Changes                                                                                   Γöé
Γö£ΓöÇΓöÇΓöÇΓöÇΓöÇΓöÇΓöÇΓöÇΓöÇΓöÇΓöÇΓöÇΓöÇΓöÇΓöÇΓöÇΓöÇΓöÇΓöÇΓöÇΓöÇΓöÇΓöÇΓöÇΓöÇΓöÇΓöÇΓöÇΓöÇΓöÇΓöÇΓöÇΓöÇΓöÇΓöÇΓöÇΓöÇΓöÇΓöÇΓöÇΓöÇΓöÇΓöÇΓöÇΓöÇΓöÇΓöÇΓöÇΓöÇΓöÇΓöÇΓöÇΓöÇΓöÇΓöÇΓöÇΓöÇΓöÇΓöÇΓöÇΓöÇΓöÇΓöÇΓöÇΓöÇΓöÇΓöÇΓöÇΓöÇΓöÇΓöÇΓöÇΓöÇΓöÇΓöÇΓöÇΓöÇΓöÇΓöÇΓöÇΓöÇΓöÇΓöÇΓöÇΓöÇΓöÇΓöÇΓöÇΓöÇΓöÇΓöÇΓöÇΓöÇΓöÇΓöÇΓöÇΓöÇΓöÇΓöÇΓöñ
Γöé  ΓöîΓöÇΓöÇ                                                                                              Γöé
Γöé  Γöé Owner: Account Address ( 0xa18380b53746d7b334fcc58f43c27f35a8318ed0af15a4fb572734b342f9c412 )  Γöé
Γöé  Γöé CoinType: 0x2::sui::SUI                                                                        Γöé
Γöé  Γöé Amount: -17091480                                                                              Γöé
Γöé  ΓööΓöÇΓöÇ                                                                                              Γöé
Γò░ΓöÇΓöÇΓöÇΓöÇΓöÇΓöÇΓöÇΓöÇΓöÇΓöÇΓöÇΓöÇΓöÇΓöÇΓöÇΓöÇΓöÇΓöÇΓöÇΓöÇΓöÇΓöÇΓöÇΓöÇΓöÇΓöÇΓöÇΓöÇΓöÇΓöÇΓöÇΓöÇΓöÇΓöÇΓöÇΓöÇΓöÇΓöÇΓöÇΓöÇΓöÇΓöÇΓöÇΓöÇΓöÇΓöÇΓöÇΓöÇΓöÇΓöÇΓöÇΓöÇΓöÇΓöÇΓöÇΓöÇΓöÇΓöÇΓöÇΓöÇΓöÇΓöÇΓöÇΓöÇΓöÇΓöÇΓöÇΓöÇΓöÇΓöÇΓöÇΓöÇΓöÇΓöÇΓöÇΓöÇΓöÇΓöÇΓöÇΓöÇΓöÇΓöÇΓöÇΓöÇΓöÇΓöÇΓöÇΓöÇΓöÇΓöÇΓöÇΓöÇΓöÇΓöÇΓöÇΓöÇΓöÇΓöÇΓöÇΓò»
